#! /c/Source/iverilog-install/bin/vvp
:ivl_version "12.0 (devel)" "(s20150603-1539-g2693dd32b)";
:ivl_delay_selection "TYPICAL";
:vpi_time_precision + 0;
:vpi_module "D:\iverilog\iverilog\lib\ivl\system.vpi";
:vpi_module "D:\iverilog\iverilog\lib\ivl\vhdl_sys.vpi";
:vpi_module "D:\iverilog\iverilog\lib\ivl\vhdl_textio.vpi";
:vpi_module "D:\iverilog\iverilog\lib\ivl\v2005_math.vpi";
:vpi_module "D:\iverilog\iverilog\lib\ivl\va_math.vpi";
S_0000018807a26680 .scope module, "LCD" "LCD" 2 1;
 .timescale 0 0;
    .port_info 0 /INPUT 1 "clk";
    .port_info 1 /INPUT 1 "rst_n";
    .port_info 2 /INPUT 1 "key1_flag";
    .port_info 3 /INPUT 1 "key2_flag";
    .port_info 4 /INPUT 1 "key3_flag";
    .port_info 5 /INPUT 1 "key4_flag";
    .port_info 6 /OUTPUT 1 "LCD_E";
    .port_info 7 /OUTPUT 1 "LCD_RS";
    .port_info 8 /OUTPUT 8 "LCD_DATA";
P_0000018807ad7620 .param/l "DISP_CLEAR" 0 2 94, C4<00000010>;
P_0000018807ad7658 .param/l "DISP_OFF" 0 2 93, C4<00000011>;
P_0000018807ad7690 .param/l "DISP_ON" 0 2 96, C4<00000111>;
P_0000018807ad76c8 .param/l "ENTRY_MODE" 0 2 95, C4<00000110>;
P_0000018807ad7700 .param/l "IDLE" 0 2 91, C4<00000000>;
P_0000018807ad7738 .param/l "ROW1_0" 0 2 98, C4<00000100>;
P_0000018807ad7770 .param/l "ROW1_1" 0 2 99, C4<00001100>;
P_0000018807ad77a8 .param/l "ROW1_2" 0 2 100, C4<00001101>;
P_0000018807ad77e0 .param/l "ROW1_3" 0 2 101, C4<00001111>;
P_0000018807ad7818 .param/l "ROW1_4" 0 2 102, C4<00001110>;
P_0000018807ad7850 .param/l "ROW1_5" 0 2 103, C4<00001010>;
P_0000018807ad7888 .param/l "ROW1_6" 0 2 104, C4<00001011>;
P_0000018807ad78c0 .param/l "ROW1_7" 0 2 105, C4<00001001>;
P_0000018807ad78f8 .param/l "ROW1_8" 0 2 106, C4<00001000>;
P_0000018807ad7930 .param/l "ROW1_9" 0 2 107, C4<00011000>;
P_0000018807ad7968 .param/l "ROW1_A" 0 2 108, C4<00011001>;
P_0000018807ad79a0 .param/l "ROW1_ADDR" 0 2 97, C4<00000101>;
P_0000018807ad79d8 .param/l "ROW1_B" 0 2 109, C4<00011011>;
P_0000018807ad7a10 .param/l "ROW1_C" 0 2 110, C4<00011010>;
P_0000018807ad7a48 .param/l "ROW1_D" 0 2 111, C4<00011110>;
P_0000018807ad7a80 .param/l "ROW1_E" 0 2 112, C4<00011111>;
P_0000018807ad7ab8 .param/l "ROW1_F" 0 2 113, C4<00011101>;
P_0000018807ad7af0 .param/l "ROW2_0" 0 2 115, C4<00010100>;
P_0000018807ad7b28 .param/l "ROW2_1" 0 2 116, C4<00010101>;
P_0000018807ad7b60 .param/l "ROW2_2" 0 2 117, C4<00010111>;
P_0000018807ad7b98 .param/l "ROW2_3" 0 2 118, C4<00010110>;
P_0000018807ad7bd0 .param/l "ROW2_4" 0 2 119, C4<00010010>;
P_0000018807ad7c08 .param/l "ROW2_5" 0 2 120, C4<00010011>;
P_0000018807ad7c40 .param/l "ROW2_6" 0 2 121, C4<00010001>;
P_0000018807ad7c78 .param/l "ROW2_7" 0 2 122, C4<00010000>;
P_0000018807ad7cb0 .param/l "ROW2_8" 0 2 123, C4<00110000>;
P_0000018807ad7ce8 .param/l "ROW2_9" 0 2 124, C4<00110001>;
P_0000018807ad7d20 .param/l "ROW2_A" 0 2 125, C4<00110011>;
P_0000018807ad7d58 .param/l "ROW2_ADDR" 0 2 114, C4<00011100>;
P_0000018807ad7d90 .param/l "ROW2_B" 0 2 126, C4<00110010>;
P_0000018807ad7dc8 .param/l "ROW2_C" 0 2 127, C4<00110110>;
P_0000018807ad7e00 .param/l "ROW2_D" 0 2 128, C4<00110111>;
P_0000018807ad7e38 .param/l "ROW2_E" 0 2 129, C4<00110101>;
P_0000018807ad7e70 .param/l "ROW2_F" 0 2 130, C4<00110100>;
P_0000018807ad7ea8 .param/l "SET_FUNCTION" 0 2 92, C4<00000001>;
P_0000018807ad7ee0 .param/l "TIME_15MS" 0 2 39, +C4<00000000000010110111000110110000>;
P_0000018807ad7f18 .param/l "TIME_500HZ" 0 2 54, +C4<00000000000000011000011010100000>;
P_0000018807ad7f50 .param/l "arrow" 0 2 36, C4<01111111>;
P_0000018807ad7f88 .param/l "key1" 0 2 72, C4<00>;
P_0000018807ad7fc0 .param/l "key2" 0 2 72, C4<01>;
P_0000018807ad7ff8 .param/l "key3" 0 2 72, C4<10>;
P_0000018807ad8030 .param/l "key4" 0 2 72, C4<11>;
P_0000018807ad8068 .param/str "show_0" 0 2 20, "MUSIC           ";
P_0000018807ad80a0 .param/str "show_1" 0 2 21, "MODE            ";
P_0000018807ad80d8 .param/str "show_2" 0 2 22, "SPEED           ";
P_0000018807ad8110 .param/str "show_3" 0 2 23, "VOLUME          ";
P_0000018807ad8148 .param/str "show_4" 0 2 24, "music_1         ";
P_0000018807ad8180 .param/str "show_5" 0 2 25, "music_2         ";
P_0000018807ad81b8 .param/str "show_6" 0 2 26, "play in order   ";
P_0000018807ad81f0 .param/str "show_7" 0 2 27, "single cycle    ";
P_0000018807ad8228 .param/str "show_8" 0 2 28, "1               ";
P_0000018807ad8260 .param/str "show_9" 0 2 29, "1.25            ";
P_0000018807ad8298 .param/str "show_A" 0 2 30, "0.75            ";
P_0000018807ad82d0 .param/str "show_B" 0 2 31, "VOLUME_1        ";
P_0000018807ad8308 .param/str "show_C" 0 2 32, "VOLUME_2        ";
P_0000018807ad8340 .param/str "show_D" 0 2 33, "VOLUME_3        ";
P_0000018807ad8378 .param/str "show_E" 0 2 34, "VOLUME_4        ";
P_0000018807ad83b0 .param/str "show_F" 0 2 35, "VOLUME_5        ";
v0000018807a72d20_0 .var "KEY", 2 0;
v0000018807a73180_0 .var "LCD_DATA", 7 0;
v0000018807a737c0_0 .net "LCD_E", 0 0, L_0000018807b1b990;  1 drivers
v0000018807a72dc0_0 .var "LCD_RS", 0 0;
v0000018807a73860_0 .net *"_ivl_0", 31 0, L_0000018807b1c9d0;  1 drivers
L_0000018807e820f0 .functor BUFT 1, C4<0>, C4<0>, C4<0>, C4<0>;
v0000018807a73360_0 .net/2u *"_ivl_10", 0 0, L_0000018807e820f0;  1 drivers
v0000018807a72c80_0 .net *"_ivl_14", 31 0, L_0000018807b1d470;  1 drivers
L_0000018807e82138 .functor BUFT 1, C4<000000000000>, C4<0>, C4<0>, C4<0>;
v0000018807a73680_0 .net *"_ivl_17", 11 0, L_0000018807e82138;  1 drivers
L_0000018807e82180 .functor BUFT 1, C4<00000000000000001100001101001111>, C4<0>, C4<0>, C4<0>;
v0000018807a73220_0 .net/2u *"_ivl_18", 31 0, L_0000018807e82180;  1 drivers
v0000018807a72fa0_0 .net *"_ivl_20", 0 0, L_0000018807b1d1f0;  1 drivers
L_0000018807e821c8 .functor BUFT 1, C4<0>, C4<0>, C4<0>, C4<0>;
v0000018807a734a0_0 .net/2u *"_ivl_22", 0 0, L_0000018807e821c8;  1 drivers
L_0000018807e82210 .functor BUFT 1, C4<1>, C4<0>, C4<0>, C4<0>;
v0000018807a72f00_0 .net/2u *"_ivl_24", 0 0, L_0000018807e82210;  1 drivers
v0000018807a73720_0 .net *"_ivl_28", 31 0, L_0000018807b1d330;  1 drivers
L_0000018807e82018 .functor BUFT 1, C4<000000000000>, C4<0>, C4<0>, C4<0>;
v0000018807a72b40_0 .net *"_ivl_3", 11 0, L_0000018807e82018;  1 drivers
L_0000018807e82258 .functor BUFT 1, C4<000000000000>, C4<0>, C4<0>, C4<0>;
v0000018807a73040_0 .net *"_ivl_31", 11 0, L_0000018807e82258;  1 drivers
L_0000018807e822a0 .functor BUFT 1, C4<00000000000000011000011010011111>, C4<0>, C4<0>, C4<0>;
v0000018807a72be0_0 .net/2u *"_ivl_32", 31 0, L_0000018807e822a0;  1 drivers
v0000018807a730e0_0 .net *"_ivl_34", 0 0, L_0000018807b1c4d0;  1 drivers
L_0000018807e822e8 .functor BUFT 1, C4<1>, C4<0>, C4<0>, C4<0>;
v0000018807a732c0_0 .net/2u *"_ivl_36", 0 0, L_0000018807e822e8;  1 drivers
L_0000018807e82330 .functor BUFT 1, C4<0>, C4<0>, C4<0>, C4<0>;
v0000018807a73540_0 .net/2u *"_ivl_38", 0 0, L_0000018807e82330;  1 drivers
L_0000018807e82060 .functor BUFT 1, C4<00000000000010110111000110101111>, C4<0>, C4<0>, C4<0>;
v0000018807a73900_0 .net/2u *"_ivl_4", 31 0, L_0000018807e82060;  1 drivers
v0000018807a739a0_0 .net *"_ivl_6", 0 0, L_0000018807b1c570;  1 drivers
L_0000018807e820a8 .functor BUFT 1, C4<1>, C4<0>, C4<0>, C4<0>;
v0000018807b1d510_0 .net/2u *"_ivl_8", 0 0, L_0000018807e820a8;  1 drivers
o0000018807adcc38 .functor BUFZ 1, C4<z>; HiZ drive
v0000018807b1c070_0 .net "clk", 0 0, o0000018807adcc38;  0 drivers
v0000018807b1d650_0 .var "cnt_15ms", 19 0;
v0000018807b1c390_0 .var "cnt_500hz", 19 0;
v0000018807b1ccf0_0 .var "currentstate", 5 0;
v0000018807b1cd90_0 .net "delay_done", 0 0, L_0000018807b1c250;  1 drivers
o0000018807adcd28 .functor BUFZ 1, C4<z>; HiZ drive
v0000018807b1c1b0_0 .net "key1_flag", 0 0, o0000018807adcd28;  0 drivers
o0000018807adcd58 .functor BUFZ 1, C4<z>; HiZ drive
v0000018807b1c750_0 .net "key2_flag", 0 0, o0000018807adcd58;  0 drivers
o0000018807adcd88 .functor BUFZ 1, C4<z>; HiZ drive
v0000018807b1d5b0_0 .net "key3_flag", 0 0, o0000018807adcd88;  0 drivers
o0000018807adcdb8 .functor BUFZ 1, C4<z>; HiZ drive
v0000018807b1bdf0_0 .net "key4_flag", 0 0, o0000018807adcdb8;  0 drivers
v0000018807b1b8f0_0 .var "nextstate", 5 0;
v0000018807b1d3d0_0 .var "row_1", 127 0;
v0000018807b1bfd0_0 .var "row_2", 127 0;
o0000018807adce78 .functor BUFZ 1, C4<z>; HiZ drive
v0000018807b1d290_0 .net "rst_n", 0 0, o0000018807adce78;  0 drivers
v0000018807b1ced0_0 .net "write_flag", 0 0, L_0000018807b1d6f0;  1 drivers
E_0000018807abd800/0 .event negedge, v0000018807b1d290_0;
E_0000018807abd800/1 .event posedge, v0000018807b1c070_0;
E_0000018807abd800 .event/or E_0000018807abd800/0, E_0000018807abd800/1;
E_0000018807abdb40 .event anyedge, v0000018807b1ccf0_0;
L_0000018807b1c9d0 .concat [ 20 12 0 0], v0000018807b1d650_0, L_0000018807e82018;
L_0000018807b1c570 .cmp/eq 32, L_0000018807b1c9d0, L_0000018807e82060;
L_0000018807b1c250 .functor MUXZ 1, L_0000018807e820f0, L_0000018807e820a8, L_0000018807b1c570, C4<>;
L_0000018807b1d470 .concat [ 20 12 0 0], v0000018807b1c390_0, L_0000018807e82138;
L_0000018807b1d1f0 .cmp/gt 32, L_0000018807b1d470, L_0000018807e82180;
L_0000018807b1b990 .functor MUXZ 1, L_0000018807e82210, L_0000018807e821c8, L_0000018807b1d1f0, C4<>;
L_0000018807b1d330 .concat [ 20 12 0 0], v0000018807b1c390_0, L_0000018807e82258;
L_0000018807b1c4d0 .cmp/eq 32, L_0000018807b1d330, L_0000018807e822a0;
L_0000018807b1d6f0 .functor MUXZ 1, L_0000018807e82330, L_0000018807e822e8, L_0000018807b1c4d0, C4<>;
    .scope S_0000018807a26680;
T_0 ;
    %wait E_0000018807abd800;
    %load/vec4 v0000018807b1d290_0;
    %nor/r;
    %flag_set/vec4 8;
    %jmp/0xz  T_0.0, 8;
    %pushi/vec4 0, 0, 20;
    %assign/vec4 v0000018807b1d650_0, 0;
    %jmp T_0.1;
T_0.0 ;
    %load/vec4 v0000018807b1d650_0;
    %pad/u 32;
    %cmpi/e 749999, 0, 32;
    %jmp/0xz  T_0.2, 4;
    %load/vec4 v0000018807b1d650_0;
    %assign/vec4 v0000018807b1d650_0, 0;
    %jmp T_0.3;
T_0.2 ;
    %load/vec4 v0000018807b1d650_0;
    %addi 1, 0, 20;
    %assign/vec4 v0000018807b1d650_0, 0;
T_0.3 ;
T_0.1 ;
    %jmp T_0;
    .thread T_0;
    .scope S_0000018807a26680;
T_1 ;
    %wait E_0000018807abd800;
    %load/vec4 v0000018807b1d290_0;
    %nor/r;
    %flag_set/vec4 8;
    %jmp/0xz  T_1.0, 8;
    %pushi/vec4 0, 0, 20;
    %assign/vec4 v0000018807b1c390_0, 0;
    %jmp T_1.1;
T_1.0 ;
    %load/vec4 v0000018807b1cd90_0;
    %flag_set/vec4 8;
    %jmp/0xz  T_1.2, 8;
    %load/vec4 v0000018807b1c390_0;
    %pad/u 32;
    %cmpi/e 49999, 0, 32;
    %jmp/0xz  T_1.4, 4;
    %pushi/vec4 0, 0, 20;
    %assign/vec4 v0000018807b1c390_0, 0;
    %jmp T_1.5;
T_1.4 ;
    %load/vec4 v0000018807b1c390_0;
    %addi 1, 0, 20;
    %assign/vec4 v0000018807b1c390_0, 0;
T_1.5 ;
    %jmp T_1.3;
T_1.2 ;
    %pushi/vec4 0, 0, 20;
    %assign/vec4 v0000018807b1c390_0, 0;
T_1.3 ;
T_1.1 ;
    %jmp T_1;
    .thread T_1;
    .scope S_0000018807a26680;
T_2 ;
    %wait E_0000018807abd800;
    %load/vec4 v0000018807b1d290_0;
    %nor/r;
    %flag_set/vec4 8;
    %jmp/0xz  T_2.0, 8;
    %pushi/vec4 0, 0, 3;
    %assign/vec4 v0000018807a72d20_0, 0;
    %jmp T_2.1;
T_2.0 ;
    %load/vec4 v0000018807b1c1b0_0;
    %cmpi/e 1, 0, 1;
    %jmp/0xz  T_2.2, 4;
    %pushi/vec4 0, 0, 3;
    %assign/vec4 v0000018807a72d20_0, 0;
    %jmp T_2.3;
T_2.2 ;
    %load/vec4 v0000018807b1c750_0;
    %cmpi/e 1, 0, 1;
    %jmp/0xz  T_2.4, 4;
    %pushi/vec4 1, 0, 3;
    %assign/vec4 v0000018807a72d20_0, 0;
    %jmp T_2.5;
T_2.4 ;
    %load/vec4 v0000018807b1d5b0_0;
    %cmpi/e 1, 0, 1;
    %jmp/0xz  T_2.6, 4;
    %pushi/vec4 2, 0, 3;
    %assign/vec4 v0000018807a72d20_0, 0;
    %jmp T_2.7;
T_2.6 ;
    %load/vec4 v0000018807b1bdf0_0;
    %cmpi/e 1, 0, 1;
    %jmp/0xz  T_2.8, 4;
    %pushi/vec4 3, 0, 3;
    %assign/vec4 v0000018807a72d20_0, 0;
    %jmp T_2.9;
T_2.8 ;
    %pushi/vec4 4, 0, 3;
    %assign/vec4 v0000018807a72d20_0, 0;
T_2.9 ;
T_2.7 ;
T_2.5 ;
T_2.3 ;
T_2.1 ;
    %jmp T_2;
    .thread T_2;
    .scope S_0000018807a26680;
T_3 ;
    %wait E_0000018807abd800;
    %load/vec4 v0000018807b1d290_0;
    %nor/r;
    %flag_set/vec4 8;
    %jmp/0xz  T_3.0, 8;
    %pushi/vec4 0, 0, 6;
    %assign/vec4 v0000018807b1ccf0_0, 0;
    %jmp T_3.1;
T_3.0 ;
    %load/vec4 v0000018807b1ced0_0;
    %flag_set/vec4 8;
    %jmp/0xz  T_3.2, 8;
    %load/vec4 v0000018807b1b8f0_0;
    %assign/vec4 v0000018807b1ccf0_0, 0;
    %jmp T_3.3;
T_3.2 ;
    %load/vec4 v0000018807b1ccf0_0;
    %assign/vec4 v0000018807b1ccf0_0, 0;
T_3.3 ;
T_3.1 ;
    %jmp T_3;
    .thread T_3;
    .scope S_0000018807a26680;
T_4 ;
    %wait E_0000018807abdb40;
    %load/vec4 v0000018807b1ccf0_0;
    %dup/vec4;
    %pushi/vec4 0, 0, 6;
    %cmp/u;
    %jmp/1 T_4.0, 6;
    %dup/vec4;
    %pushi/vec4 1, 0, 6;
    %cmp/u;
    %jmp/1 T_4.1, 6;
    %dup/vec4;
    %pushi/vec4 3, 0, 6;
    %cmp/u;
    %jmp/1 T_4.2, 6;
    %dup/vec4;
    %pushi/vec4 2, 0, 6;
    %cmp/u;
    %jmp/1 T_4.3, 6;
    %dup/vec4;
    %pushi/vec4 6, 0, 6;
    %cmp/u;
    %jmp/1 T_4.4, 6;
    %dup/vec4;
    %pushi/vec4 7, 0, 6;
    %cmp/u;
    %jmp/1 T_4.5, 6;
    %dup/vec4;
    %pushi/vec4 5, 0, 6;
    %cmp/u;
    %jmp/1 T_4.6, 6;
    %dup/vec4;
    %pushi/vec4 4, 0, 6;
    %cmp/u;
    %jmp/1 T_4.7, 6;
    %dup/vec4;
    %pushi/vec4 12, 0, 6;
    %cmp/u;
    %jmp/1 T_4.8, 6;
    %dup/vec4;
    %pushi/vec4 13, 0, 6;
    %cmp/u;
    %jmp/1 T_4.9, 6;
    %dup/vec4;
    %pushi/vec4 15, 0, 6;
    %cmp/u;
    %jmp/1 T_4.10, 6;
    %dup/vec4;
    %pushi/vec4 14, 0, 6;
    %cmp/u;
    %jmp/1 T_4.11, 6;
    %dup/vec4;
    %pushi/vec4 10, 0, 6;
    %cmp/u;
    %jmp/1 T_4.12, 6;
    %dup/vec4;
    %pushi/vec4 11, 0, 6;
    %cmp/u;
    %jmp/1 T_4.13, 6;
    %dup/vec4;
    %pushi/vec4 9, 0, 6;
    %cmp/u;
    %jmp/1 T_4.14, 6;
    %dup/vec4;
    %pushi/vec4 8, 0, 6;
    %cmp/u;
    %jmp/1 T_4.15, 6;
    %dup/vec4;
    %pushi/vec4 24, 0, 6;
    %cmp/u;
    %jmp/1 T_4.16, 6;
    %dup/vec4;
    %pushi/vec4 25, 0, 6;
    %cmp/u;
    %jmp/1 T_4.17, 6;
    %dup/vec4;
    %pushi/vec4 27, 0, 6;
    %cmp/u;
    %jmp/1 T_4.18, 6;
    %dup/vec4;
    %pushi/vec4 26, 0, 6;
    %cmp/u;
    %jmp/1 T_4.19, 6;
    %dup/vec4;
    %pushi/vec4 30, 0, 6;
    %cmp/u;
    %jmp/1 T_4.20, 6;
    %dup/vec4;
    %pushi/vec4 31, 0, 6;
    %cmp/u;
    %jmp/1 T_4.21, 6;
    %dup/vec4;
    %pushi/vec4 29, 0, 6;
    %cmp/u;
    %jmp/1 T_4.22, 6;
    %dup/vec4;
    %pushi/vec4 28, 0, 6;
    %cmp/u;
    %jmp/1 T_4.23, 6;
    %dup/vec4;
    %pushi/vec4 20, 0, 6;
    %cmp/u;
    %jmp/1 T_4.24, 6;
    %dup/vec4;
    %pushi/vec4 21, 0, 6;
    %cmp/u;
    %jmp/1 T_4.25, 6;
    %dup/vec4;
    %pushi/vec4 23, 0, 6;
    %cmp/u;
    %jmp/1 T_4.26, 6;
    %dup/vec4;
    %pushi/vec4 22, 0, 6;
    %cmp/u;
    %jmp/1 T_4.27, 6;
    %dup/vec4;
    %pushi/vec4 18, 0, 6;
    %cmp/u;
    %jmp/1 T_4.28, 6;
    %dup/vec4;
    %pushi/vec4 19, 0, 6;
    %cmp/u;
    %jmp/1 T_4.29, 6;
    %dup/vec4;
    %pushi/vec4 17, 0, 6;
    %cmp/u;
    %jmp/1 T_4.30, 6;
    %dup/vec4;
    %pushi/vec4 16, 0, 6;
    %cmp/u;
    %jmp/1 T_4.31, 6;
    %dup/vec4;
    %pushi/vec4 48, 0, 6;
    %cmp/u;
    %jmp/1 T_4.32, 6;
    %dup/vec4;
    %pushi/vec4 49, 0, 6;
    %cmp/u;
    %jmp/1 T_4.33, 6;
    %dup/vec4;
    %pushi/vec4 51, 0, 6;
    %cmp/u;
    %jmp/1 T_4.34, 6;
    %dup/vec4;
    %pushi/vec4 50, 0, 6;
    %cmp/u;
    %jmp/1 T_4.35, 6;
    %dup/vec4;
    %pushi/vec4 54, 0, 6;
    %cmp/u;
    %jmp/1 T_4.36, 6;
    %dup/vec4;
    %pushi/vec4 55, 0, 6;
    %cmp/u;
    %jmp/1 T_4.37, 6;
    %dup/vec4;
    %pushi/vec4 53, 0, 6;
    %cmp/u;
    %jmp/1 T_4.38, 6;
    %dup/vec4;
    %pushi/vec4 52, 0, 6;
    %cmp/u;
    %jmp/1 T_4.39, 6;
    %jmp T_4.41;
T_4.0 ;
    %pushi/vec4 1, 0, 6;
    %store/vec4 v0000018807b1b8f0_0, 0, 6;
    %jmp T_4.41;
T_4.1 ;
    %pushi/vec4 3, 0, 6;
    %store/vec4 v0000018807b1b8f0_0, 0, 6;
    %jmp T_4.41;
T_4.2 ;
    %pushi/vec4 2, 0, 6;
    %store/vec4 v0000018807b1b8f0_0, 0, 6;
    %jmp T_4.41;
T_4.3 ;
    %pushi/vec4 6, 0, 6;
    %store/vec4 v0000018807b1b8f0_0, 0, 6;
    %jmp T_4.41;
T_4.4 ;
    %pushi/vec4 7, 0, 6;
    %store/vec4 v0000018807b1b8f0_0, 0, 6;
    %jmp T_4.41;
T_4.5 ;
    %pushi/vec4 5, 0, 6;
    %store/vec4 v0000018807b1b8f0_0, 0, 6;
    %jmp T_4.41;
T_4.6 ;
    %pushi/vec4 4, 0, 6;
    %store/vec4 v0000018807b1b8f0_0, 0, 6;
    %jmp T_4.41;
T_4.7 ;
    %pushi/vec4 12, 0, 6;
    %store/vec4 v0000018807b1b8f0_0, 0, 6;
    %jmp T_4.41;
T_4.8 ;
    %pushi/vec4 13, 0, 6;
    %store/vec4 v0000018807b1b8f0_0, 0, 6;
    %jmp T_4.41;
T_4.9 ;
    %pushi/vec4 15, 0, 6;
    %store/vec4 v0000018807b1b8f0_0, 0, 6;
    %jmp T_4.41;
T_4.10 ;
    %pushi/vec4 14, 0, 6;
    %store/vec4 v0000018807b1b8f0_0, 0, 6;
    %jmp T_4.41;
T_4.11 ;
    %pushi/vec4 10, 0, 6;
    %store/vec4 v0000018807b1b8f0_0, 0, 6;
    %jmp T_4.41;
T_4.12 ;
    %pushi/vec4 11, 0, 6;
    %store/vec4 v0000018807b1b8f0_0, 0, 6;
    %jmp T_4.41;
T_4.13 ;
    %pushi/vec4 9, 0, 6;
    %store/vec4 v0000018807b1b8f0_0, 0, 6;
    %jmp T_4.41;
T_4.14 ;
    %pushi/vec4 8, 0, 6;
    %store/vec4 v0000018807b1b8f0_0, 0, 6;
    %jmp T_4.41;
T_4.15 ;
    %pushi/vec4 24, 0, 6;
    %store/vec4 v0000018807b1b8f0_0, 0, 6;
    %jmp T_4.41;
T_4.16 ;
    %pushi/vec4 25, 0, 6;
    %store/vec4 v0000018807b1b8f0_0, 0, 6;
    %jmp T_4.41;
T_4.17 ;
    %pushi/vec4 27, 0, 6;
    %store/vec4 v0000018807b1b8f0_0, 0, 6;
    %jmp T_4.41;
T_4.18 ;
    %pushi/vec4 26, 0, 6;
    %store/vec4 v0000018807b1b8f0_0, 0, 6;
    %jmp T_4.41;
T_4.19 ;
    %pushi/vec4 30, 0, 6;
    %store/vec4 v0000018807b1b8f0_0, 0, 6;
    %jmp T_4.41;
T_4.20 ;
    %pushi/vec4 31, 0, 6;
    %store/vec4 v0000018807b1b8f0_0, 0, 6;
    %jmp T_4.41;
T_4.21 ;
    %pushi/vec4 29, 0, 6;
    %store/vec4 v0000018807b1b8f0_0, 0, 6;
    %jmp T_4.41;
T_4.22 ;
    %pushi/vec4 28, 0, 6;
    %store/vec4 v0000018807b1b8f0_0, 0, 6;
    %jmp T_4.41;
T_4.23 ;
    %pushi/vec4 20, 0, 6;
    %store/vec4 v0000018807b1b8f0_0, 0, 6;
    %jmp T_4.41;
T_4.24 ;
    %pushi/vec4 21, 0, 6;
    %store/vec4 v0000018807b1b8f0_0, 0, 6;
    %jmp T_4.41;
T_4.25 ;
    %pushi/vec4 23, 0, 6;
    %store/vec4 v0000018807b1b8f0_0, 0, 6;
    %jmp T_4.41;
T_4.26 ;
    %pushi/vec4 22, 0, 6;
    %store/vec4 v0000018807b1b8f0_0, 0, 6;
    %jmp T_4.41;
T_4.27 ;
    %pushi/vec4 18, 0, 6;
    %store/vec4 v0000018807b1b8f0_0, 0, 6;
    %jmp T_4.41;
T_4.28 ;
    %pushi/vec4 19, 0, 6;
    %store/vec4 v0000018807b1b8f0_0, 0, 6;
    %jmp T_4.41;
T_4.29 ;
    %pushi/vec4 17, 0, 6;
    %store/vec4 v0000018807b1b8f0_0, 0, 6;
    %jmp T_4.41;
T_4.30 ;
    %pushi/vec4 16, 0, 6;
    %store/vec4 v0000018807b1b8f0_0, 0, 6;
    %jmp T_4.41;
T_4.31 ;
    %pushi/vec4 48, 0, 6;
    %store/vec4 v0000018807b1b8f0_0, 0, 6;
    %jmp T_4.41;
T_4.32 ;
    %pushi/vec4 49, 0, 6;
    %store/vec4 v0000018807b1b8f0_0, 0, 6;
    %jmp T_4.41;
T_4.33 ;
    %pushi/vec4 51, 0, 6;
    %store/vec4 v0000018807b1b8f0_0, 0, 6;
    %jmp T_4.41;
T_4.34 ;
    %pushi/vec4 50, 0, 6;
    %store/vec4 v0000018807b1b8f0_0, 0, 6;
    %jmp T_4.41;
T_4.35 ;
    %pushi/vec4 54, 0, 6;
    %store/vec4 v0000018807b1b8f0_0, 0, 6;
    %jmp T_4.41;
T_4.36 ;
    %pushi/vec4 55, 0, 6;
    %store/vec4 v0000018807b1b8f0_0, 0, 6;
    %jmp T_4.41;
T_4.37 ;
    %pushi/vec4 53, 0, 6;
    %store/vec4 v0000018807b1b8f0_0, 0, 6;
    %jmp T_4.41;
T_4.38 ;
    %pushi/vec4 52, 0, 6;
    %store/vec4 v0000018807b1b8f0_0, 0, 6;
    %jmp T_4.41;
T_4.39 ;
    %pushi/vec4 5, 0, 6;
    %store/vec4 v0000018807b1b8f0_0, 0, 6;
    %jmp T_4.41;
T_4.41 ;
    %pop/vec4 1;
    %jmp T_4;
    .thread T_4, $push;
    .scope S_0000018807a26680;
T_5 ;
    %wait E_0000018807abd800;
    %load/vec4 v0000018807b1d290_0;
    %nor/r;
    %flag_set/vec4 8;
    %jmp/0xz  T_5.0, 8;
    %pushi/vec4 0, 0, 1;
    %assign/vec4 v0000018807a72dc0_0, 0;
    %jmp T_5.1;
T_5.0 ;
    %load/vec4 v0000018807b1ced0_0;
    %flag_set/vec4 8;
    %jmp/0xz  T_5.2, 8;
    %load/vec4 v0000018807b1b8f0_0;
    %pad/u 8;
    %cmpi/e 1, 0, 8;
    %jmp/1 T_5.11, 4;
    %flag_mov 8, 4;
    %load/vec4 v0000018807b1b8f0_0;
    %pad/u 8;
    %cmpi/e 3, 0, 8;
    %flag_or 4, 8;
T_5.11;
    %jmp/1 T_5.10, 4;
    %flag_mov 8, 4;
    %load/vec4 v0000018807b1b8f0_0;
    %pad/u 8;
    %cmpi/e 2, 0, 8;
    %flag_or 4, 8;
T_5.10;
    %jmp/1 T_5.9, 4;
    %flag_mov 8, 4;
    %load/vec4 v0000018807b1b8f0_0;
    %pad/u 8;
    %cmpi/e 6, 0, 8;
    %flag_or 4, 8;
T_5.9;
    %jmp/1 T_5.8, 4;
    %flag_mov 8, 4;
    %load/vec4 v0000018807b1b8f0_0;
    %pad/u 8;
    %cmpi/e 7, 0, 8;
    %flag_or 4, 8;
T_5.8;
    %jmp/1 T_5.7, 4;
    %flag_mov 8, 4;
    %load/vec4 v0000018807b1b8f0_0;
    %pad/u 8;
    %cmpi/e 5, 0, 8;
    %flag_or 4, 8;
T_5.7;
    %jmp/1 T_5.6, 4;
    %flag_mov 8, 4;
    %load/vec4 v0000018807b1b8f0_0;
    %pad/u 8;
    %cmpi/e 28, 0, 8;
    %flag_or 4, 8;
T_5.6;
    %jmp/0xz  T_5.4, 4;
    %pushi/vec4 0, 0, 1;
    %assign/vec4 v0000018807a72dc0_0, 0;
    %jmp T_5.5;
T_5.4 ;
    %pushi/vec4 1, 0, 1;
    %assign/vec4 v0000018807a72dc0_0, 0;
T_5.5 ;
    %jmp T_5.3;
T_5.2 ;
    %load/vec4 v0000018807a72dc0_0;
    %assign/vec4 v0000018807a72dc0_0, 0;
T_5.3 ;
T_5.1 ;
    %jmp T_5;
    .thread T_5;
    .scope S_0000018807a26680;
T_6 ;
    %wait E_0000018807abd800;
    %load/vec4 v0000018807b1d290_0;
    %nor/r;
    %flag_set/vec4 8;
    %jmp/0xz  T_6.0, 8;
    %pushi/vec4 0, 0, 8;
    %assign/vec4 v0000018807a73180_0, 0;
    %jmp T_6.1;
T_6.0 ;
    %load/vec4 v0000018807b1ced0_0;
    %flag_set/vec4 8;
    %jmp/0xz  T_6.2, 8;
    %load/vec4 v0000018807b1b8f0_0;
    %dup/vec4;
    %pushi/vec4 0, 0, 6;
    %cmp/u;
    %jmp/1 T_6.4, 6;
    %dup/vec4;
    %pushi/vec4 1, 0, 6;
    %cmp/u;
    %jmp/1 T_6.5, 6;
    %dup/vec4;
    %pushi/vec4 3, 0, 6;
    %cmp/u;
    %jmp/1 T_6.6, 6;
    %dup/vec4;
    %pushi/vec4 2, 0, 6;
    %cmp/u;
    %jmp/1 T_6.7, 6;
    %dup/vec4;
    %pushi/vec4 6, 0, 6;
    %cmp/u;
    %jmp/1 T_6.8, 6;
    %dup/vec4;
    %pushi/vec4 7, 0, 6;
    %cmp/u;
    %jmp/1 T_6.9, 6;
    %dup/vec4;
    %pushi/vec4 5, 0, 6;
    %cmp/u;
    %jmp/1 T_6.10, 6;
    %dup/vec4;
    %pushi/vec4 4, 0, 6;
    %cmp/u;
    %jmp/1 T_6.11, 6;
    %dup/vec4;
    %pushi/vec4 12, 0, 6;
    %cmp/u;
    %jmp/1 T_6.12, 6;
    %dup/vec4;
    %pushi/vec4 13, 0, 6;
    %cmp/u;
    %jmp/1 T_6.13, 6;
    %dup/vec4;
    %pushi/vec4 15, 0, 6;
    %cmp/u;
    %jmp/1 T_6.14, 6;
    %dup/vec4;
    %pushi/vec4 14, 0, 6;
    %cmp/u;
    %jmp/1 T_6.15, 6;
    %dup/vec4;
    %pushi/vec4 10, 0, 6;
    %cmp/u;
    %jmp/1 T_6.16, 6;
    %dup/vec4;
    %pushi/vec4 11, 0, 6;
    %cmp/u;
    %jmp/1 T_6.17, 6;
    %dup/vec4;
    %pushi/vec4 9, 0, 6;
    %cmp/u;
    %jmp/1 T_6.18, 6;
    %dup/vec4;
    %pushi/vec4 8, 0, 6;
    %cmp/u;
    %jmp/1 T_6.19, 6;
    %dup/vec4;
    %pushi/vec4 24, 0, 6;
    %cmp/u;
    %jmp/1 T_6.20, 6;
    %dup/vec4;
    %pushi/vec4 25, 0, 6;
    %cmp/u;
    %jmp/1 T_6.21, 6;
    %dup/vec4;
    %pushi/vec4 27, 0, 6;
    %cmp/u;
    %jmp/1 T_6.22, 6;
    %dup/vec4;
    %pushi/vec4 26, 0, 6;
    %cmp/u;
    %jmp/1 T_6.23, 6;
    %dup/vec4;
    %pushi/vec4 30, 0, 6;
    %cmp/u;
    %jmp/1 T_6.24, 6;
    %dup/vec4;
    %pushi/vec4 31, 0, 6;
    %cmp/u;
    %jmp/1 T_6.25, 6;
    %dup/vec4;
    %pushi/vec4 29, 0, 6;
    %cmp/u;
    %jmp/1 T_6.26, 6;
    %dup/vec4;
    %pushi/vec4 28, 0, 6;
    %cmp/u;
    %jmp/1 T_6.27, 6;
    %dup/vec4;
    %pushi/vec4 20, 0, 6;
    %cmp/u;
    %jmp/1 T_6.28, 6;
    %dup/vec4;
    %pushi/vec4 21, 0, 6;
    %cmp/u;
    %jmp/1 T_6.29, 6;
    %dup/vec4;
    %pushi/vec4 23, 0, 6;
    %cmp/u;
    %jmp/1 T_6.30, 6;
    %dup/vec4;
    %pushi/vec4 22, 0, 6;
    %cmp/u;
    %jmp/1 T_6.31, 6;
    %dup/vec4;
    %pushi/vec4 18, 0, 6;
    %cmp/u;
    %jmp/1 T_6.32, 6;
    %dup/vec4;
    %pushi/vec4 19, 0, 6;
    %cmp/u;
    %jmp/1 T_6.33, 6;
    %dup/vec4;
    %pushi/vec4 17, 0, 6;
    %cmp/u;
    %jmp/1 T_6.34, 6;
    %dup/vec4;
    %pushi/vec4 16, 0, 6;
    %cmp/u;
    %jmp/1 T_6.35, 6;
    %dup/vec4;
    %pushi/vec4 48, 0, 6;
    %cmp/u;
    %jmp/1 T_6.36, 6;
    %dup/vec4;
    %pushi/vec4 49, 0, 6;
    %cmp/u;
    %jmp/1 T_6.37, 6;
    %dup/vec4;
    %pushi/vec4 51, 0, 6;
    %cmp/u;
    %jmp/1 T_6.38, 6;
    %dup/vec4;
    %pushi/vec4 50, 0, 6;
    %cmp/u;
    %jmp/1 T_6.39, 6;
    %dup/vec4;
    %pushi/vec4 54, 0, 6;
    %cmp/u;
    %jmp/1 T_6.40, 6;
    %dup/vec4;
    %pushi/vec4 55, 0, 6;
    %cmp/u;
    %jmp/1 T_6.41, 6;
    %dup/vec4;
    %pushi/vec4 53, 0, 6;
    %cmp/u;
    %jmp/1 T_6.42, 6;
    %dup/vec4;
    %pushi/vec4 52, 0, 6;
    %cmp/u;
    %jmp/1 T_6.43, 6;
    %jmp T_6.44;
T_6.4 ;
    %pushi/vec4 255, 255, 8;
    %assign/vec4 v0000018807a73180_0, 0;
    %jmp T_6.44;
T_6.5 ;
    %pushi/vec4 56, 0, 8;
    %assign/vec4 v0000018807a73180_0, 0;
    %jmp T_6.44;
T_6.6 ;
    %pushi/vec4 8, 0, 8;
    %assign/vec4 v0000018807a73180_0, 0;
    %jmp T_6.44;
T_6.7 ;
    %pushi/vec4 1, 0, 8;
    %assign/vec4 v0000018807a73180_0, 0;
    %jmp T_6.44;
T_6.8 ;
    %pushi/vec4 6, 0, 8;
    %assign/vec4 v0000018807a73180_0, 0;
    %jmp T_6.44;
T_6.9 ;
    %pushi/vec4 12, 0, 8;
    %assign/vec4 v0000018807a73180_0, 0;
    %jmp T_6.44;
T_6.10 ;
    %pushi/vec4 128, 0, 8;
    %assign/vec4 v0000018807a73180_0, 0;
    %jmp T_6.44;
T_6.11 ;
    %load/vec4 v0000018807b1d3d0_0;
    %parti/s 8, 120, 8;
    %assign/vec4 v0000018807a73180_0, 0;
    %jmp T_6.44;
T_6.12 ;
    %load/vec4 v0000018807b1d3d0_0;
    %parti/s 8, 112, 8;
    %assign/vec4 v0000018807a73180_0, 0;
    %jmp T_6.44;
T_6.13 ;
    %load/vec4 v0000018807b1d3d0_0;
    %parti/s 8, 104, 8;
    %assign/vec4 v0000018807a73180_0, 0;
    %jmp T_6.44;
T_6.14 ;
    %load/vec4 v0000018807b1d3d0_0;
    %parti/s 8, 96, 8;
    %assign/vec4 v0000018807a73180_0, 0;
    %jmp T_6.44;
T_6.15 ;
    %load/vec4 v0000018807b1d3d0_0;
    %parti/s 8, 88, 8;
    %assign/vec4 v0000018807a73180_0, 0;
    %jmp T_6.44;
T_6.16 ;
    %load/vec4 v0000018807b1d3d0_0;
    %parti/s 8, 80, 8;
    %assign/vec4 v0000018807a73180_0, 0;
    %jmp T_6.44;
T_6.17 ;
    %load/vec4 v0000018807b1d3d0_0;
    %parti/s 8, 72, 8;
    %assign/vec4 v0000018807a73180_0, 0;
    %jmp T_6.44;
T_6.18 ;
    %load/vec4 v0000018807b1d3d0_0;
    %parti/s 8, 64, 8;
    %assign/vec4 v0000018807a73180_0, 0;
    %jmp T_6.44;
T_6.19 ;
    %load/vec4 v0000018807b1d3d0_0;
    %parti/s 8, 56, 7;
    %assign/vec4 v0000018807a73180_0, 0;
    %jmp T_6.44;
T_6.20 ;
    %load/vec4 v0000018807b1d3d0_0;
    %parti/s 8, 48, 7;
    %assign/vec4 v0000018807a73180_0, 0;
    %jmp T_6.44;
T_6.21 ;
    %load/vec4 v0000018807b1d3d0_0;
    %parti/s 8, 40, 7;
    %assign/vec4 v0000018807a73180_0, 0;
    %jmp T_6.44;
T_6.22 ;
    %load/vec4 v0000018807b1d3d0_0;
    %parti/s 8, 32, 7;
    %assign/vec4 v0000018807a73180_0, 0;
    %jmp T_6.44;
T_6.23 ;
    %load/vec4 v0000018807b1d3d0_0;
    %parti/s 8, 24, 6;
    %assign/vec4 v0000018807a73180_0, 0;
    %jmp T_6.44;
T_6.24 ;
    %load/vec4 v0000018807b1d3d0_0;
    %parti/s 8, 16, 6;
    %assign/vec4 v0000018807a73180_0, 0;
    %jmp T_6.44;
T_6.25 ;
    %load/vec4 v0000018807b1d3d0_0;
    %parti/s 8, 8, 5;
    %assign/vec4 v0000018807a73180_0, 0;
    %jmp T_6.44;
T_6.26 ;
    %pushi/vec4 127, 0, 8;
    %assign/vec4 v0000018807a73180_0, 0;
    %jmp T_6.44;
T_6.27 ;
    %pushi/vec4 192, 0, 8;
    %assign/vec4 v0000018807a73180_0, 0;
    %jmp T_6.44;
T_6.28 ;
    %load/vec4 v0000018807b1bfd0_0;
    %parti/s 8, 120, 8;
    %assign/vec4 v0000018807a73180_0, 0;
    %jmp T_6.44;
T_6.29 ;
    %load/vec4 v0000018807b1bfd0_0;
    %parti/s 8, 112, 8;
    %assign/vec4 v0000018807a73180_0, 0;
    %jmp T_6.44;
T_6.30 ;
    %load/vec4 v0000018807b1bfd0_0;
    %parti/s 8, 104, 8;
    %assign/vec4 v0000018807a73180_0, 0;
    %jmp T_6.44;
T_6.31 ;
    %load/vec4 v0000018807b1bfd0_0;
    %parti/s 8, 96, 8;
    %assign/vec4 v0000018807a73180_0, 0;
    %jmp T_6.44;
T_6.32 ;
    %load/vec4 v0000018807b1bfd0_0;
    %parti/s 8, 88, 8;
    %assign/vec4 v0000018807a73180_0, 0;
    %jmp T_6.44;
T_6.33 ;
    %load/vec4 v0000018807b1bfd0_0;
    %parti/s 8, 80, 8;
    %assign/vec4 v0000018807a73180_0, 0;
    %jmp T_6.44;
T_6.34 ;
    %load/vec4 v0000018807b1bfd0_0;
    %parti/s 8, 72, 8;
    %assign/vec4 v0000018807a73180_0, 0;
    %jmp T_6.44;
T_6.35 ;
    %load/vec4 v0000018807b1bfd0_0;
    %parti/s 8, 64, 8;
    %assign/vec4 v0000018807a73180_0, 0;
    %jmp T_6.44;
T_6.36 ;
    %load/vec4 v0000018807b1bfd0_0;
    %parti/s 8, 56, 7;
    %assign/vec4 v0000018807a73180_0, 0;
    %jmp T_6.44;
T_6.37 ;
    %load/vec4 v0000018807b1bfd0_0;
    %parti/s 8, 48, 7;
    %assign/vec4 v0000018807a73180_0, 0;
    %jmp T_6.44;
T_6.38 ;
    %load/vec4 v0000018807b1bfd0_0;
    %parti/s 8, 40, 7;
    %assign/vec4 v0000018807a73180_0, 0;
    %jmp T_6.44;
T_6.39 ;
    %load/vec4 v0000018807b1bfd0_0;
    %parti/s 8, 32, 7;
    %assign/vec4 v0000018807a73180_0, 0;
    %jmp T_6.44;
T_6.40 ;
    %load/vec4 v0000018807b1bfd0_0;
    %parti/s 8, 24, 6;
    %assign/vec4 v0000018807a73180_0, 0;
    %jmp T_6.44;
T_6.41 ;
    %load/vec4 v0000018807b1bfd0_0;
    %parti/s 8, 16, 6;
    %assign/vec4 v0000018807a73180_0, 0;
    %jmp T_6.44;
T_6.42 ;
    %load/vec4 v0000018807b1bfd0_0;
    %parti/s 8, 8, 5;
    %assign/vec4 v0000018807a73180_0, 0;
    %jmp T_6.44;
T_6.43 ;
    %load/vec4 v0000018807b1bfd0_0;
    %parti/s 8, 0, 2;
    %assign/vec4 v0000018807a73180_0, 0;
    %jmp T_6.44;
T_6.44 ;
    %pop/vec4 1;
    %jmp T_6.3;
T_6.2 ;
    %load/vec4 v0000018807a73180_0;
    %assign/vec4 v0000018807a73180_0, 0;
T_6.3 ;
T_6.1 ;
    %jmp T_6;
    .thread T_6;
    .scope S_0000018807a26680;
T_7 ;
    %wait E_0000018807abd800;
    %load/vec4 v0000018807b1d290_0;
    %nor/r;
    %flag_set/vec4 8;
    %jmp/0xz  T_7.0, 8;
    %pushi/vec4 1297437513, 0, 32; draw_string_vec4
    %pushi/vec4 1126178848, 0, 32; draw_string_vec4
    %concat/vec4; draw_string_vec4
    %pushi/vec4 538976288, 0, 32; draw_string_vec4
    %concat/vec4; draw_string_vec4
    %pushi/vec4 538976288, 0, 32; draw_string_vec4
    %concat/vec4; draw_string_vec4
    %store/vec4 v0000018807b1d3d0_0, 0, 128;
    %jmp T_7.1;
T_7.0 ;
    %load/vec4 v0000018807b1d3d0_0;
    %dup/vec4;
    %pushi/vec4 1297437513, 0, 32; draw_string_vec4
    %pushi/vec4 1126178848, 0, 32; draw_string_vec4
    %concat/vec4; draw_string_vec4
    %pushi/vec4 538976288, 0, 32; draw_string_vec4
    %concat/vec4; draw_string_vec4
    %pushi/vec4 538976288, 0, 32; draw_string_vec4
    %concat/vec4; draw_string_vec4
    %cmp/u;
    %jmp/1 T_7.2, 6;
    %dup/vec4;
    %pushi/vec4 1297040453, 0, 32; draw_string_vec4
    %pushi/vec4 538976288, 0, 32; draw_string_vec4
    %concat/vec4; draw_string_vec4
    %pushi/vec4 538976288, 0, 32; draw_string_vec4
    %concat/vec4; draw_string_vec4
    %pushi/vec4 538976288, 0, 32; draw_string_vec4
    %concat/vec4; draw_string_vec4
    %cmp/u;
    %jmp/1 T_7.3, 6;
    %dup/vec4;
    %pushi/vec4 1397769541, 0, 32; draw_string_vec4
    %pushi/vec4 1142956064, 0, 32; draw_string_vec4
    %concat/vec4; draw_string_vec4
    %pushi/vec4 538976288, 0, 32; draw_string_vec4
    %concat/vec4; draw_string_vec4
    %pushi/vec4 538976288, 0, 32; draw_string_vec4
    %concat/vec4; draw_string_vec4
    %cmp/u;
    %jmp/1 T_7.4, 6;
    %dup/vec4;
    %pushi/vec4 1448037461, 0, 32; draw_string_vec4
    %pushi/vec4 1296375840, 0, 32; draw_string_vec4
    %concat/vec4; draw_string_vec4
    %pushi/vec4 538976288, 0, 32; draw_string_vec4
    %concat/vec4; draw_string_vec4
    %pushi/vec4 538976288, 0, 32; draw_string_vec4
    %concat/vec4; draw_string_vec4
    %cmp/u;
    %jmp/1 T_7.5, 6;
    %dup/vec4;
    %pushi/vec4 1836413801, 0, 32; draw_string_vec4
    %pushi/vec4 1667182880, 0, 32; draw_string_vec4
    %concat/vec4; draw_string_vec4
    %pushi/vec4 538976288, 0, 32; draw_string_vec4
    %concat/vec4; draw_string_vec4
    %pushi/vec4 538976288, 0, 32; draw_string_vec4
    %concat/vec4; draw_string_vec4
    %cmp/u;
    %jmp/1 T_7.6, 6;
    %dup/vec4;
    %pushi/vec4 1836413801, 0, 32; draw_string_vec4
    %pushi/vec4 1667183136, 0, 32; draw_string_vec4
    %concat/vec4; draw_string_vec4
    %pushi/vec4 538976288, 0, 32; draw_string_vec4
    %concat/vec4; draw_string_vec4
    %pushi/vec4 538976288, 0, 32; draw_string_vec4
    %concat/vec4; draw_string_vec4
    %cmp/u;
    %jmp/1 T_7.7, 6;
    %dup/vec4;
    %pushi/vec4 1886151033, 0, 32; draw_string_vec4
    %pushi/vec4 543780384, 0, 32; draw_string_vec4
    %concat/vec4; draw_string_vec4
    %pushi/vec4 1869767781, 0, 32; draw_string_vec4
    %concat/vec4; draw_string_vec4
    %pushi/vec4 1914708000, 0, 32; draw_string_vec4
    %concat/vec4; draw_string_vec4
    %cmp/u;
    %jmp/1 T_7.8, 6;
    %dup/vec4;
    %pushi/vec4 1936289383, 0, 32; draw_string_vec4
    %pushi/vec4 1818566755, 0, 32; draw_string_vec4
    %concat/vec4; draw_string_vec4
    %pushi/vec4 2036558949, 0, 32; draw_string_vec4
    %concat/vec4; draw_string_vec4
    %pushi/vec4 538976288, 0, 32; draw_string_vec4
    %concat/vec4; draw_string_vec4
    %cmp/u;
    %jmp/1 T_7.9, 6;
    %dup/vec4;
    %pushi/vec4 824188960, 0, 32; draw_string_vec4
    %pushi/vec4 538976288, 0, 32; draw_string_vec4
    %concat/vec4; draw_string_vec4
    %pushi/vec4 538976288, 0, 32; draw_string_vec4
    %concat/vec4; draw_string_vec4
    %pushi/vec4 538976288, 0, 32; draw_string_vec4
    %concat/vec4; draw_string_vec4
    %cmp/u;
    %jmp/1 T_7.10, 6;
    %dup/vec4;
    %pushi/vec4 825111093, 0, 32; draw_string_vec4
    %pushi/vec4 538976288, 0, 32; draw_string_vec4
    %concat/vec4; draw_string_vec4
    %pushi/vec4 538976288, 0, 32; draw_string_vec4
    %concat/vec4; draw_string_vec4
    %pushi/vec4 538976288, 0, 32; draw_string_vec4
    %concat/vec4; draw_string_vec4
    %cmp/u;
    %jmp/1 T_7.11, 6;
    %dup/vec4;
    %pushi/vec4 808335157, 0, 32; draw_string_vec4
    %pushi/vec4 538976288, 0, 32; draw_string_vec4
    %concat/vec4; draw_string_vec4
    %pushi/vec4 538976288, 0, 32; draw_string_vec4
    %concat/vec4; draw_string_vec4
    %pushi/vec4 538976288, 0, 32; draw_string_vec4
    %concat/vec4; draw_string_vec4
    %cmp/u;
    %jmp/1 T_7.12, 6;
    %dup/vec4;
    %pushi/vec4 1448037461, 0, 32; draw_string_vec4
    %pushi/vec4 1296391985, 0, 32; draw_string_vec4
    %concat/vec4; draw_string_vec4
    %pushi/vec4 538976288, 0, 32; draw_string_vec4
    %concat/vec4; draw_string_vec4
    %pushi/vec4 538976288, 0, 32; draw_string_vec4
    %concat/vec4; draw_string_vec4
    %cmp/u;
    %jmp/1 T_7.13, 6;
    %dup/vec4;
    %pushi/vec4 1448037461, 0, 32; draw_string_vec4
    %pushi/vec4 1296391986, 0, 32; draw_string_vec4
    %concat/vec4; draw_string_vec4
    %pushi/vec4 538976288, 0, 32; draw_string_vec4
    %concat/vec4; draw_string_vec4
    %pushi/vec4 538976288, 0, 32; draw_string_vec4
    %concat/vec4; draw_string_vec4
    %cmp/u;
    %jmp/1 T_7.14, 6;
    %dup/vec4;
    %pushi/vec4 1448037461, 0, 32; draw_string_vec4
    %pushi/vec4 1296391987, 0, 32; draw_string_vec4
    %concat/vec4; draw_string_vec4
    %pushi/vec4 538976288, 0, 32; draw_string_vec4
    %concat/vec4; draw_string_vec4
    %pushi/vec4 538976288, 0, 32; draw_string_vec4
    %concat/vec4; draw_string_vec4
    %cmp/u;
    %jmp/1 T_7.15, 6;
    %dup/vec4;
    %pushi/vec4 1448037461, 0, 32; draw_string_vec4
    %pushi/vec4 1296391988, 0, 32; draw_string_vec4
    %concat/vec4; draw_string_vec4
    %pushi/vec4 538976288, 0, 32; draw_string_vec4
    %concat/vec4; draw_string_vec4
    %pushi/vec4 538976288, 0, 32; draw_string_vec4
    %concat/vec4; draw_string_vec4
    %cmp/u;
    %jmp/1 T_7.16, 6;
    %dup/vec4;
    %pushi/vec4 1448037461, 0, 32; draw_string_vec4
    %pushi/vec4 1296391989, 0, 32; draw_string_vec4
    %concat/vec4; draw_string_vec4
    %pushi/vec4 538976288, 0, 32; draw_string_vec4
    %concat/vec4; draw_string_vec4
    %pushi/vec4 538976288, 0, 32; draw_string_vec4
    %concat/vec4; draw_string_vec4
    %cmp/u;
    %jmp/1 T_7.17, 6;
    %pushi/vec4 1297437513, 0, 32; draw_string_vec4
    %pushi/vec4 1126178848, 0, 32; draw_string_vec4
    %concat/vec4; draw_string_vec4
    %pushi/vec4 538976288, 0, 32; draw_string_vec4
    %concat/vec4; draw_string_vec4
    %pushi/vec4 538976288, 0, 32; draw_string_vec4
    %concat/vec4; draw_string_vec4
    %assign/vec4 v0000018807b1d3d0_0, 0;
    %jmp T_7.19;
T_7.2 ;
    %load/vec4 v0000018807a72d20_0;
    %cmpi/e 0, 0, 3;
    %jmp/0xz  T_7.20, 4;
    %pushi/vec4 1297437513, 0, 32; draw_string_vec4
    %pushi/vec4 1126178848, 0, 32; draw_string_vec4
    %concat/vec4; draw_string_vec4
    %pushi/vec4 538976288, 0, 32; draw_string_vec4
    %concat/vec4; draw_string_vec4
    %pushi/vec4 538976288, 0, 32; draw_string_vec4
    %concat/vec4; draw_string_vec4
    %assign/vec4 v0000018807b1d3d0_0, 0;
    %jmp T_7.21;
T_7.20 ;
    %load/vec4 v0000018807a72d20_0;
    %cmpi/e 1, 0, 3;
    %jmp/0xz  T_7.22, 4;
    %pushi/vec4 1836413801, 0, 32; draw_string_vec4
    %pushi/vec4 1667182880, 0, 32; draw_string_vec4
    %concat/vec4; draw_string_vec4
    %pushi/vec4 538976288, 0, 32; draw_string_vec4
    %concat/vec4; draw_string_vec4
    %pushi/vec4 538976288, 0, 32; draw_string_vec4
    %concat/vec4; draw_string_vec4
    %assign/vec4 v0000018807b1d3d0_0, 0;
    %jmp T_7.23;
T_7.22 ;
    %load/vec4 v0000018807a72d20_0;
    %cmpi/e 2, 0, 3;
    %jmp/0xz  T_7.24, 4;
    %pushi/vec4 1297040453, 0, 32; draw_string_vec4
    %pushi/vec4 538976288, 0, 32; draw_string_vec4
    %concat/vec4; draw_string_vec4
    %pushi/vec4 538976288, 0, 32; draw_string_vec4
    %concat/vec4; draw_string_vec4
    %pushi/vec4 538976288, 0, 32; draw_string_vec4
    %concat/vec4; draw_string_vec4
    %assign/vec4 v0000018807b1d3d0_0, 0;
    %jmp T_7.25;
T_7.24 ;
    %pushi/vec4 1448037461, 0, 32; draw_string_vec4
    %pushi/vec4 1296375840, 0, 32; draw_string_vec4
    %concat/vec4; draw_string_vec4
    %pushi/vec4 538976288, 0, 32; draw_string_vec4
    %concat/vec4; draw_string_vec4
    %pushi/vec4 538976288, 0, 32; draw_string_vec4
    %concat/vec4; draw_string_vec4
    %assign/vec4 v0000018807b1d3d0_0, 0;
T_7.25 ;
T_7.23 ;
T_7.21 ;
    %jmp T_7.19;
T_7.3 ;
    %load/vec4 v0000018807a72d20_0;
    %cmpi/e 0, 0, 3;
    %jmp/0xz  T_7.26, 4;
    %pushi/vec4 1297040453, 0, 32; draw_string_vec4
    %pushi/vec4 538976288, 0, 32; draw_string_vec4
    %concat/vec4; draw_string_vec4
    %pushi/vec4 538976288, 0, 32; draw_string_vec4
    %concat/vec4; draw_string_vec4
    %pushi/vec4 538976288, 0, 32; draw_string_vec4
    %concat/vec4; draw_string_vec4
    %assign/vec4 v0000018807b1d3d0_0, 0;
    %jmp T_7.27;
T_7.26 ;
    %load/vec4 v0000018807a72d20_0;
    %cmpi/e 1, 0, 3;
    %jmp/0xz  T_7.28, 4;
    %pushi/vec4 1886151033, 0, 32; draw_string_vec4
    %pushi/vec4 543780384, 0, 32; draw_string_vec4
    %concat/vec4; draw_string_vec4
    %pushi/vec4 1869767781, 0, 32; draw_string_vec4
    %concat/vec4; draw_string_vec4
    %pushi/vec4 1914708000, 0, 32; draw_string_vec4
    %concat/vec4; draw_string_vec4
    %assign/vec4 v0000018807b1d3d0_0, 0;
    %jmp T_7.29;
T_7.28 ;
    %load/vec4 v0000018807a72d20_0;
    %cmpi/e 2, 0, 3;
    %jmp/0xz  T_7.30, 4;
    %pushi/vec4 1397769541, 0, 32; draw_string_vec4
    %pushi/vec4 1142956064, 0, 32; draw_string_vec4
    %concat/vec4; draw_string_vec4
    %pushi/vec4 538976288, 0, 32; draw_string_vec4
    %concat/vec4; draw_string_vec4
    %pushi/vec4 538976288, 0, 32; draw_string_vec4
    %concat/vec4; draw_string_vec4
    %assign/vec4 v0000018807b1d3d0_0, 0;
    %jmp T_7.31;
T_7.30 ;
    %pushi/vec4 1297437513, 0, 32; draw_string_vec4
    %pushi/vec4 1126178848, 0, 32; draw_string_vec4
    %concat/vec4; draw_string_vec4
    %pushi/vec4 538976288, 0, 32; draw_string_vec4
    %concat/vec4; draw_string_vec4
    %pushi/vec4 538976288, 0, 32; draw_string_vec4
    %concat/vec4; draw_string_vec4
    %assign/vec4 v0000018807b1d3d0_0, 0;
T_7.31 ;
T_7.29 ;
T_7.27 ;
    %jmp T_7.19;
T_7.4 ;
    %load/vec4 v0000018807a72d20_0;
    %cmpi/e 0, 0, 3;
    %jmp/0xz  T_7.32, 4;
    %pushi/vec4 1397769541, 0, 32; draw_string_vec4
    %pushi/vec4 1142956064, 0, 32; draw_string_vec4
    %concat/vec4; draw_string_vec4
    %pushi/vec4 538976288, 0, 32; draw_string_vec4
    %concat/vec4; draw_string_vec4
    %pushi/vec4 538976288, 0, 32; draw_string_vec4
    %concat/vec4; draw_string_vec4
    %assign/vec4 v0000018807b1d3d0_0, 0;
    %jmp T_7.33;
T_7.32 ;
    %load/vec4 v0000018807a72d20_0;
    %cmpi/e 1, 0, 3;
    %jmp/0xz  T_7.34, 4;
    %pushi/vec4 824188960, 0, 32; draw_string_vec4
    %pushi/vec4 538976288, 0, 32; draw_string_vec4
    %concat/vec4; draw_string_vec4
    %pushi/vec4 538976288, 0, 32; draw_string_vec4
    %concat/vec4; draw_string_vec4
    %pushi/vec4 538976288, 0, 32; draw_string_vec4
    %concat/vec4; draw_string_vec4
    %assign/vec4 v0000018807b1d3d0_0, 0;
    %jmp T_7.35;
T_7.34 ;
    %load/vec4 v0000018807a72d20_0;
    %cmpi/e 2, 0, 3;
    %jmp/0xz  T_7.36, 4;
    %pushi/vec4 1448037461, 0, 32; draw_string_vec4
    %pushi/vec4 1296375840, 0, 32; draw_string_vec4
    %concat/vec4; draw_string_vec4
    %pushi/vec4 538976288, 0, 32; draw_string_vec4
    %concat/vec4; draw_string_vec4
    %pushi/vec4 538976288, 0, 32; draw_string_vec4
    %concat/vec4; draw_string_vec4
    %assign/vec4 v0000018807b1d3d0_0, 0;
    %jmp T_7.37;
T_7.36 ;
    %pushi/vec4 1297040453, 0, 32; draw_string_vec4
    %pushi/vec4 538976288, 0, 32; draw_string_vec4
    %concat/vec4; draw_string_vec4
    %pushi/vec4 538976288, 0, 32; draw_string_vec4
    %concat/vec4; draw_string_vec4
    %pushi/vec4 538976288, 0, 32; draw_string_vec4
    %concat/vec4; draw_string_vec4
    %assign/vec4 v0000018807b1d3d0_0, 0;
T_7.37 ;
T_7.35 ;
T_7.33 ;
    %jmp T_7.19;
T_7.5 ;
    %load/vec4 v0000018807a72d20_0;
    %cmpi/e 0, 0, 3;
    %jmp/0xz  T_7.38, 4;
    %pushi/vec4 1448037461, 0, 32; draw_string_vec4
    %pushi/vec4 1296375840, 0, 32; draw_string_vec4
    %concat/vec4; draw_string_vec4
    %pushi/vec4 538976288, 0, 32; draw_string_vec4
    %concat/vec4; draw_string_vec4
    %pushi/vec4 538976288, 0, 32; draw_string_vec4
    %concat/vec4; draw_string_vec4
    %assign/vec4 v0000018807b1d3d0_0, 0;
    %jmp T_7.39;
T_7.38 ;
    %load/vec4 v0000018807a72d20_0;
    %cmpi/e 1, 0, 3;
    %jmp/0xz  T_7.40, 4;
    %pushi/vec4 1448037461, 0, 32; draw_string_vec4
    %pushi/vec4 1296391985, 0, 32; draw_string_vec4
    %concat/vec4; draw_string_vec4
    %pushi/vec4 538976288, 0, 32; draw_string_vec4
    %concat/vec4; draw_string_vec4
    %pushi/vec4 538976288, 0, 32; draw_string_vec4
    %concat/vec4; draw_string_vec4
    %assign/vec4 v0000018807b1d3d0_0, 0;
    %jmp T_7.41;
T_7.40 ;
    %load/vec4 v0000018807a72d20_0;
    %cmpi/e 2, 0, 3;
    %jmp/0xz  T_7.42, 4;
    %pushi/vec4 1297437513, 0, 32; draw_string_vec4
    %pushi/vec4 1126178848, 0, 32; draw_string_vec4
    %concat/vec4; draw_string_vec4
    %pushi/vec4 538976288, 0, 32; draw_string_vec4
    %concat/vec4; draw_string_vec4
    %pushi/vec4 538976288, 0, 32; draw_string_vec4
    %concat/vec4; draw_string_vec4
    %assign/vec4 v0000018807b1d3d0_0, 0;
    %jmp T_7.43;
T_7.42 ;
    %pushi/vec4 1397769541, 0, 32; draw_string_vec4
    %pushi/vec4 1142956064, 0, 32; draw_string_vec4
    %concat/vec4; draw_string_vec4
    %pushi/vec4 538976288, 0, 32; draw_string_vec4
    %concat/vec4; draw_string_vec4
    %pushi/vec4 538976288, 0, 32; draw_string_vec4
    %concat/vec4; draw_string_vec4
    %assign/vec4 v0000018807b1d3d0_0, 0;
T_7.43 ;
T_7.41 ;
T_7.39 ;
    %jmp T_7.19;
T_7.6 ;
    %load/vec4 v0000018807a72d20_0;
    %cmpi/e 0, 0, 3;
    %jmp/0xz  T_7.44, 4;
    %pushi/vec4 1297437513, 0, 32; draw_string_vec4
    %pushi/vec4 1126178848, 0, 32; draw_string_vec4
    %concat/vec4; draw_string_vec4
    %pushi/vec4 538976288, 0, 32; draw_string_vec4
    %concat/vec4; draw_string_vec4
    %pushi/vec4 538976288, 0, 32; draw_string_vec4
    %concat/vec4; draw_string_vec4
    %assign/vec4 v0000018807b1d3d0_0, 0;
    %jmp T_7.45;
T_7.44 ;
    %load/vec4 v0000018807a72d20_0;
    %cmpi/e 1, 0, 3;
    %jmp/0xz  T_7.46, 4;
    %pushi/vec4 1297437513, 0, 32; draw_string_vec4
    %pushi/vec4 1126178848, 0, 32; draw_string_vec4
    %concat/vec4; draw_string_vec4
    %pushi/vec4 538976288, 0, 32; draw_string_vec4
    %concat/vec4; draw_string_vec4
    %pushi/vec4 538976288, 0, 32; draw_string_vec4
    %concat/vec4; draw_string_vec4
    %assign/vec4 v0000018807b1d3d0_0, 0;
    %jmp T_7.47;
T_7.46 ;
    %load/vec4 v0000018807a72d20_0;
    %cmpi/e 2, 0, 3;
    %jmp/0xz  T_7.48, 4;
    %pushi/vec4 1836413801, 0, 32; draw_string_vec4
    %pushi/vec4 1667183136, 0, 32; draw_string_vec4
    %concat/vec4; draw_string_vec4
    %pushi/vec4 538976288, 0, 32; draw_string_vec4
    %concat/vec4; draw_string_vec4
    %pushi/vec4 538976288, 0, 32; draw_string_vec4
    %concat/vec4; draw_string_vec4
    %assign/vec4 v0000018807b1d3d0_0, 0;
    %jmp T_7.49;
T_7.48 ;
    %pushi/vec4 1836413801, 0, 32; draw_string_vec4
    %pushi/vec4 1667183136, 0, 32; draw_string_vec4
    %concat/vec4; draw_string_vec4
    %pushi/vec4 538976288, 0, 32; draw_string_vec4
    %concat/vec4; draw_string_vec4
    %pushi/vec4 538976288, 0, 32; draw_string_vec4
    %concat/vec4; draw_string_vec4
    %assign/vec4 v0000018807b1d3d0_0, 0;
T_7.49 ;
T_7.47 ;
T_7.45 ;
    %jmp T_7.19;
T_7.7 ;
    %load/vec4 v0000018807a72d20_0;
    %cmpi/e 0, 0, 3;
    %jmp/0xz  T_7.50, 4;
    %pushi/vec4 1297437513, 0, 32; draw_string_vec4
    %pushi/vec4 1126178848, 0, 32; draw_string_vec4
    %concat/vec4; draw_string_vec4
    %pushi/vec4 538976288, 0, 32; draw_string_vec4
    %concat/vec4; draw_string_vec4
    %pushi/vec4 538976288, 0, 32; draw_string_vec4
    %concat/vec4; draw_string_vec4
    %assign/vec4 v0000018807b1d3d0_0, 0;
    %jmp T_7.51;
T_7.50 ;
    %load/vec4 v0000018807a72d20_0;
    %cmpi/e 1, 0, 3;
    %jmp/0xz  T_7.52, 4;
    %pushi/vec4 1297437513, 0, 32; draw_string_vec4
    %pushi/vec4 1126178848, 0, 32; draw_string_vec4
    %concat/vec4; draw_string_vec4
    %pushi/vec4 538976288, 0, 32; draw_string_vec4
    %concat/vec4; draw_string_vec4
    %pushi/vec4 538976288, 0, 32; draw_string_vec4
    %concat/vec4; draw_string_vec4
    %assign/vec4 v0000018807b1d3d0_0, 0;
    %jmp T_7.53;
T_7.52 ;
    %load/vec4 v0000018807a72d20_0;
    %cmpi/e 2, 0, 3;
    %jmp/0xz  T_7.54, 4;
    %pushi/vec4 1836413801, 0, 32; draw_string_vec4
    %pushi/vec4 1667182880, 0, 32; draw_string_vec4
    %concat/vec4; draw_string_vec4
    %pushi/vec4 538976288, 0, 32; draw_string_vec4
    %concat/vec4; draw_string_vec4
    %pushi/vec4 538976288, 0, 32; draw_string_vec4
    %concat/vec4; draw_string_vec4
    %assign/vec4 v0000018807b1d3d0_0, 0;
    %jmp T_7.55;
T_7.54 ;
    %pushi/vec4 1836413801, 0, 32; draw_string_vec4
    %pushi/vec4 1667182880, 0, 32; draw_string_vec4
    %concat/vec4; draw_string_vec4
    %pushi/vec4 538976288, 0, 32; draw_string_vec4
    %concat/vec4; draw_string_vec4
    %pushi/vec4 538976288, 0, 32; draw_string_vec4
    %concat/vec4; draw_string_vec4
    %assign/vec4 v0000018807b1d3d0_0, 0;
T_7.55 ;
T_7.53 ;
T_7.51 ;
    %jmp T_7.19;
T_7.8 ;
    %load/vec4 v0000018807a72d20_0;
    %cmpi/e 0, 0, 3;
    %jmp/0xz  T_7.56, 4;
    %pushi/vec4 1297040453, 0, 32; draw_string_vec4
    %pushi/vec4 538976288, 0, 32; draw_string_vec4
    %concat/vec4; draw_string_vec4
    %pushi/vec4 538976288, 0, 32; draw_string_vec4
    %concat/vec4; draw_string_vec4
    %pushi/vec4 538976288, 0, 32; draw_string_vec4
    %concat/vec4; draw_string_vec4
    %assign/vec4 v0000018807b1d3d0_0, 0;
    %jmp T_7.57;
T_7.56 ;
    %load/vec4 v0000018807a72d20_0;
    %cmpi/e 1, 0, 3;
    %jmp/0xz  T_7.58, 4;
    %pushi/vec4 1297040453, 0, 32; draw_string_vec4
    %pushi/vec4 538976288, 0, 32; draw_string_vec4
    %concat/vec4; draw_string_vec4
    %pushi/vec4 538976288, 0, 32; draw_string_vec4
    %concat/vec4; draw_string_vec4
    %pushi/vec4 538976288, 0, 32; draw_string_vec4
    %concat/vec4; draw_string_vec4
    %assign/vec4 v0000018807b1d3d0_0, 0;
    %jmp T_7.59;
T_7.58 ;
    %load/vec4 v0000018807a72d20_0;
    %cmpi/e 2, 0, 3;
    %jmp/0xz  T_7.60, 4;
    %pushi/vec4 1936289383, 0, 32; draw_string_vec4
    %pushi/vec4 1818566755, 0, 32; draw_string_vec4
    %concat/vec4; draw_string_vec4
    %pushi/vec4 2036558949, 0, 32; draw_string_vec4
    %concat/vec4; draw_string_vec4
    %pushi/vec4 538976288, 0, 32; draw_string_vec4
    %concat/vec4; draw_string_vec4
    %assign/vec4 v0000018807b1d3d0_0, 0;
    %jmp T_7.61;
T_7.60 ;
    %pushi/vec4 1936289383, 0, 32; draw_string_vec4
    %pushi/vec4 1818566755, 0, 32; draw_string_vec4
    %concat/vec4; draw_string_vec4
    %pushi/vec4 2036558949, 0, 32; draw_string_vec4
    %concat/vec4; draw_string_vec4
    %pushi/vec4 538976288, 0, 32; draw_string_vec4
    %concat/vec4; draw_string_vec4
    %assign/vec4 v0000018807b1d3d0_0, 0;
T_7.61 ;
T_7.59 ;
T_7.57 ;
    %jmp T_7.19;
T_7.9 ;
    %load/vec4 v0000018807a72d20_0;
    %cmpi/e 0, 0, 3;
    %jmp/0xz  T_7.62, 4;
    %pushi/vec4 1297040453, 0, 32; draw_string_vec4
    %pushi/vec4 538976288, 0, 32; draw_string_vec4
    %concat/vec4; draw_string_vec4
    %pushi/vec4 538976288, 0, 32; draw_string_vec4
    %concat/vec4; draw_string_vec4
    %pushi/vec4 538976288, 0, 32; draw_string_vec4
    %concat/vec4; draw_string_vec4
    %assign/vec4 v0000018807b1d3d0_0, 0;
    %jmp T_7.63;
T_7.62 ;
    %load/vec4 v0000018807a72d20_0;
    %cmpi/e 1, 0, 3;
    %jmp/0xz  T_7.64, 4;
    %pushi/vec4 1297040453, 0, 32; draw_string_vec4
    %pushi/vec4 538976288, 0, 32; draw_string_vec4
    %concat/vec4; draw_string_vec4
    %pushi/vec4 538976288, 0, 32; draw_string_vec4
    %concat/vec4; draw_string_vec4
    %pushi/vec4 538976288, 0, 32; draw_string_vec4
    %concat/vec4; draw_string_vec4
    %assign/vec4 v0000018807b1d3d0_0, 0;
    %jmp T_7.65;
T_7.64 ;
    %load/vec4 v0000018807a72d20_0;
    %cmpi/e 2, 0, 3;
    %jmp/0xz  T_7.66, 4;
    %pushi/vec4 1886151033, 0, 32; draw_string_vec4
    %pushi/vec4 543780384, 0, 32; draw_string_vec4
    %concat/vec4; draw_string_vec4
    %pushi/vec4 1869767781, 0, 32; draw_string_vec4
    %concat/vec4; draw_string_vec4
    %pushi/vec4 1914708000, 0, 32; draw_string_vec4
    %concat/vec4; draw_string_vec4
    %assign/vec4 v0000018807b1d3d0_0, 0;
    %jmp T_7.67;
T_7.66 ;
    %pushi/vec4 1886151033, 0, 32; draw_string_vec4
    %pushi/vec4 543780384, 0, 32; draw_string_vec4
    %concat/vec4; draw_string_vec4
    %pushi/vec4 1869767781, 0, 32; draw_string_vec4
    %concat/vec4; draw_string_vec4
    %pushi/vec4 1914708000, 0, 32; draw_string_vec4
    %concat/vec4; draw_string_vec4
    %assign/vec4 v0000018807b1d3d0_0, 0;
T_7.67 ;
T_7.65 ;
T_7.63 ;
    %jmp T_7.19;
T_7.10 ;
    %load/vec4 v0000018807a72d20_0;
    %cmpi/e 0, 0, 3;
    %jmp/0xz  T_7.68, 4;
    %pushi/vec4 1397769541, 0, 32; draw_string_vec4
    %pushi/vec4 1142956064, 0, 32; draw_string_vec4
    %concat/vec4; draw_string_vec4
    %pushi/vec4 538976288, 0, 32; draw_string_vec4
    %concat/vec4; draw_string_vec4
    %pushi/vec4 538976288, 0, 32; draw_string_vec4
    %concat/vec4; draw_string_vec4
    %assign/vec4 v0000018807b1d3d0_0, 0;
    %jmp T_7.69;
T_7.68 ;
    %load/vec4 v0000018807a72d20_0;
    %cmpi/e 1, 0, 3;
    %jmp/0xz  T_7.70, 4;
    %pushi/vec4 1397769541, 0, 32; draw_string_vec4
    %pushi/vec4 1142956064, 0, 32; draw_string_vec4
    %concat/vec4; draw_string_vec4
    %pushi/vec4 538976288, 0, 32; draw_string_vec4
    %concat/vec4; draw_string_vec4
    %pushi/vec4 538976288, 0, 32; draw_string_vec4
    %concat/vec4; draw_string_vec4
    %assign/vec4 v0000018807b1d3d0_0, 0;
    %jmp T_7.71;
T_7.70 ;
    %load/vec4 v0000018807a72d20_0;
    %cmpi/e 2, 0, 3;
    %jmp/0xz  T_7.72, 4;
    %pushi/vec4 825111093, 0, 32; draw_string_vec4
    %pushi/vec4 538976288, 0, 32; draw_string_vec4
    %concat/vec4; draw_string_vec4
    %pushi/vec4 538976288, 0, 32; draw_string_vec4
    %concat/vec4; draw_string_vec4
    %pushi/vec4 538976288, 0, 32; draw_string_vec4
    %concat/vec4; draw_string_vec4
    %assign/vec4 v0000018807b1d3d0_0, 0;
    %jmp T_7.73;
T_7.72 ;
    %pushi/vec4 808335157, 0, 32; draw_string_vec4
    %pushi/vec4 538976288, 0, 32; draw_string_vec4
    %concat/vec4; draw_string_vec4
    %pushi/vec4 538976288, 0, 32; draw_string_vec4
    %concat/vec4; draw_string_vec4
    %pushi/vec4 538976288, 0, 32; draw_string_vec4
    %concat/vec4; draw_string_vec4
    %assign/vec4 v0000018807b1d3d0_0, 0;
T_7.73 ;
T_7.71 ;
T_7.69 ;
    %jmp T_7.19;
T_7.11 ;
    %load/vec4 v0000018807a72d20_0;
    %cmpi/e 0, 0, 3;
    %jmp/0xz  T_7.74, 4;
    %pushi/vec4 1397769541, 0, 32; draw_string_vec4
    %pushi/vec4 1142956064, 0, 32; draw_string_vec4
    %concat/vec4; draw_string_vec4
    %pushi/vec4 538976288, 0, 32; draw_string_vec4
    %concat/vec4; draw_string_vec4
    %pushi/vec4 538976288, 0, 32; draw_string_vec4
    %concat/vec4; draw_string_vec4
    %assign/vec4 v0000018807b1d3d0_0, 0;
    %jmp T_7.75;
T_7.74 ;
    %load/vec4 v0000018807a72d20_0;
    %cmpi/e 1, 0, 3;
    %jmp/0xz  T_7.76, 4;
    %pushi/vec4 1397769541, 0, 32; draw_string_vec4
    %pushi/vec4 1142956064, 0, 32; draw_string_vec4
    %concat/vec4; draw_string_vec4
    %pushi/vec4 538976288, 0, 32; draw_string_vec4
    %concat/vec4; draw_string_vec4
    %pushi/vec4 538976288, 0, 32; draw_string_vec4
    %concat/vec4; draw_string_vec4
    %assign/vec4 v0000018807b1d3d0_0, 0;
    %jmp T_7.77;
T_7.76 ;
    %load/vec4 v0000018807a72d20_0;
    %cmpi/e 2, 0, 3;
    %jmp/0xz  T_7.78, 4;
    %pushi/vec4 808335157, 0, 32; draw_string_vec4
    %pushi/vec4 538976288, 0, 32; draw_string_vec4
    %concat/vec4; draw_string_vec4
    %pushi/vec4 538976288, 0, 32; draw_string_vec4
    %concat/vec4; draw_string_vec4
    %pushi/vec4 538976288, 0, 32; draw_string_vec4
    %concat/vec4; draw_string_vec4
    %assign/vec4 v0000018807b1d3d0_0, 0;
    %jmp T_7.79;
T_7.78 ;
    %pushi/vec4 824188960, 0, 32; draw_string_vec4
    %pushi/vec4 538976288, 0, 32; draw_string_vec4
    %concat/vec4; draw_string_vec4
    %pushi/vec4 538976288, 0, 32; draw_string_vec4
    %concat/vec4; draw_string_vec4
    %pushi/vec4 538976288, 0, 32; draw_string_vec4
    %concat/vec4; draw_string_vec4
    %assign/vec4 v0000018807b1d3d0_0, 0;
T_7.79 ;
T_7.77 ;
T_7.75 ;
    %jmp T_7.19;
T_7.12 ;
    %load/vec4 v0000018807a72d20_0;
    %cmpi/e 0, 0, 3;
    %jmp/0xz  T_7.80, 4;
    %pushi/vec4 1397769541, 0, 32; draw_string_vec4
    %pushi/vec4 1142956064, 0, 32; draw_string_vec4
    %concat/vec4; draw_string_vec4
    %pushi/vec4 538976288, 0, 32; draw_string_vec4
    %concat/vec4; draw_string_vec4
    %pushi/vec4 538976288, 0, 32; draw_string_vec4
    %concat/vec4; draw_string_vec4
    %assign/vec4 v0000018807b1d3d0_0, 0;
    %jmp T_7.81;
T_7.80 ;
    %load/vec4 v0000018807a72d20_0;
    %cmpi/e 1, 0, 3;
    %jmp/0xz  T_7.82, 4;
    %pushi/vec4 1397769541, 0, 32; draw_string_vec4
    %pushi/vec4 1142956064, 0, 32; draw_string_vec4
    %concat/vec4; draw_string_vec4
    %pushi/vec4 538976288, 0, 32; draw_string_vec4
    %concat/vec4; draw_string_vec4
    %pushi/vec4 538976288, 0, 32; draw_string_vec4
    %concat/vec4; draw_string_vec4
    %assign/vec4 v0000018807b1d3d0_0, 0;
    %jmp T_7.83;
T_7.82 ;
    %load/vec4 v0000018807a72d20_0;
    %cmpi/e 2, 0, 3;
    %jmp/0xz  T_7.84, 4;
    %pushi/vec4 824188960, 0, 32; draw_string_vec4
    %pushi/vec4 538976288, 0, 32; draw_string_vec4
    %concat/vec4; draw_string_vec4
    %pushi/vec4 538976288, 0, 32; draw_string_vec4
    %concat/vec4; draw_string_vec4
    %pushi/vec4 538976288, 0, 32; draw_string_vec4
    %concat/vec4; draw_string_vec4
    %assign/vec4 v0000018807b1d3d0_0, 0;
    %jmp T_7.85;
T_7.84 ;
    %pushi/vec4 825111093, 0, 32; draw_string_vec4
    %pushi/vec4 538976288, 0, 32; draw_string_vec4
    %concat/vec4; draw_string_vec4
    %pushi/vec4 538976288, 0, 32; draw_string_vec4
    %concat/vec4; draw_string_vec4
    %pushi/vec4 538976288, 0, 32; draw_string_vec4
    %concat/vec4; draw_string_vec4
    %assign/vec4 v0000018807b1d3d0_0, 0;
T_7.85 ;
T_7.83 ;
T_7.81 ;
    %jmp T_7.19;
T_7.13 ;
    %load/vec4 v0000018807a72d20_0;
    %cmpi/e 0, 0, 3;
    %jmp/0xz  T_7.86, 4;
    %pushi/vec4 1448037461, 0, 32; draw_string_vec4
    %pushi/vec4 1296375840, 0, 32; draw_string_vec4
    %concat/vec4; draw_string_vec4
    %pushi/vec4 538976288, 0, 32; draw_string_vec4
    %concat/vec4; draw_string_vec4
    %pushi/vec4 538976288, 0, 32; draw_string_vec4
    %concat/vec4; draw_string_vec4
    %assign/vec4 v0000018807b1d3d0_0, 0;
    %jmp T_7.87;
T_7.86 ;
    %load/vec4 v0000018807a72d20_0;
    %cmpi/e 1, 0, 3;
    %jmp/0xz  T_7.88, 4;
    %pushi/vec4 1448037461, 0, 32; draw_string_vec4
    %pushi/vec4 1296375840, 0, 32; draw_string_vec4
    %concat/vec4; draw_string_vec4
    %pushi/vec4 538976288, 0, 32; draw_string_vec4
    %concat/vec4; draw_string_vec4
    %pushi/vec4 538976288, 0, 32; draw_string_vec4
    %concat/vec4; draw_string_vec4
    %assign/vec4 v0000018807b1d3d0_0, 0;
    %jmp T_7.89;
T_7.88 ;
    %load/vec4 v0000018807a72d20_0;
    %cmpi/e 2, 0, 3;
    %jmp/0xz  T_7.90, 4;
    %pushi/vec4 1448037461, 0, 32; draw_string_vec4
    %pushi/vec4 1296391986, 0, 32; draw_string_vec4
    %concat/vec4; draw_string_vec4
    %pushi/vec4 538976288, 0, 32; draw_string_vec4
    %concat/vec4; draw_string_vec4
    %pushi/vec4 538976288, 0, 32; draw_string_vec4
    %concat/vec4; draw_string_vec4
    %assign/vec4 v0000018807b1d3d0_0, 0;
    %jmp T_7.91;
T_7.90 ;
    %pushi/vec4 1448037461, 0, 32; draw_string_vec4
    %pushi/vec4 1296391989, 0, 32; draw_string_vec4
    %concat/vec4; draw_string_vec4
    %pushi/vec4 538976288, 0, 32; draw_string_vec4
    %concat/vec4; draw_string_vec4
    %pushi/vec4 538976288, 0, 32; draw_string_vec4
    %concat/vec4; draw_string_vec4
    %assign/vec4 v0000018807b1d3d0_0, 0;
T_7.91 ;
T_7.89 ;
T_7.87 ;
    %jmp T_7.19;
T_7.14 ;
    %load/vec4 v0000018807a72d20_0;
    %cmpi/e 0, 0, 3;
    %jmp/0xz  T_7.92, 4;
    %pushi/vec4 1448037461, 0, 32; draw_string_vec4
    %pushi/vec4 1296375840, 0, 32; draw_string_vec4
    %concat/vec4; draw_string_vec4
    %pushi/vec4 538976288, 0, 32; draw_string_vec4
    %concat/vec4; draw_string_vec4
    %pushi/vec4 538976288, 0, 32; draw_string_vec4
    %concat/vec4; draw_string_vec4
    %assign/vec4 v0000018807b1d3d0_0, 0;
    %jmp T_7.93;
T_7.92 ;
    %load/vec4 v0000018807a72d20_0;
    %cmpi/e 1, 0, 3;
    %jmp/0xz  T_7.94, 4;
    %pushi/vec4 1448037461, 0, 32; draw_string_vec4
    %pushi/vec4 1296375840, 0, 32; draw_string_vec4
    %concat/vec4; draw_string_vec4
    %pushi/vec4 538976288, 0, 32; draw_string_vec4
    %concat/vec4; draw_string_vec4
    %pushi/vec4 538976288, 0, 32; draw_string_vec4
    %concat/vec4; draw_string_vec4
    %assign/vec4 v0000018807b1d3d0_0, 0;
    %jmp T_7.95;
T_7.94 ;
    %load/vec4 v0000018807a72d20_0;
    %cmpi/e 2, 0, 3;
    %jmp/0xz  T_7.96, 4;
    %pushi/vec4 1448037461, 0, 32; draw_string_vec4
    %pushi/vec4 1296391987, 0, 32; draw_string_vec4
    %concat/vec4; draw_string_vec4
    %pushi/vec4 538976288, 0, 32; draw_string_vec4
    %concat/vec4; draw_string_vec4
    %pushi/vec4 538976288, 0, 32; draw_string_vec4
    %concat/vec4; draw_string_vec4
    %assign/vec4 v0000018807b1d3d0_0, 0;
    %jmp T_7.97;
T_7.96 ;
    %pushi/vec4 1448037461, 0, 32; draw_string_vec4
    %pushi/vec4 1296391985, 0, 32; draw_string_vec4
    %concat/vec4; draw_string_vec4
    %pushi/vec4 538976288, 0, 32; draw_string_vec4
    %concat/vec4; draw_string_vec4
    %pushi/vec4 538976288, 0, 32; draw_string_vec4
    %concat/vec4; draw_string_vec4
    %assign/vec4 v0000018807b1d3d0_0, 0;
T_7.97 ;
T_7.95 ;
T_7.93 ;
    %jmp T_7.19;
T_7.15 ;
    %load/vec4 v0000018807a72d20_0;
    %cmpi/e 0, 0, 3;
    %jmp/0xz  T_7.98, 4;
    %pushi/vec4 1448037461, 0, 32; draw_string_vec4
    %pushi/vec4 1296375840, 0, 32; draw_string_vec4
    %concat/vec4; draw_string_vec4
    %pushi/vec4 538976288, 0, 32; draw_string_vec4
    %concat/vec4; draw_string_vec4
    %pushi/vec4 538976288, 0, 32; draw_string_vec4
    %concat/vec4; draw_string_vec4
    %assign/vec4 v0000018807b1d3d0_0, 0;
    %jmp T_7.99;
T_7.98 ;
    %load/vec4 v0000018807a72d20_0;
    %cmpi/e 1, 0, 3;
    %jmp/0xz  T_7.100, 4;
    %pushi/vec4 1448037461, 0, 32; draw_string_vec4
    %pushi/vec4 1296375840, 0, 32; draw_string_vec4
    %concat/vec4; draw_string_vec4
    %pushi/vec4 538976288, 0, 32; draw_string_vec4
    %concat/vec4; draw_string_vec4
    %pushi/vec4 538976288, 0, 32; draw_string_vec4
    %concat/vec4; draw_string_vec4
    %assign/vec4 v0000018807b1d3d0_0, 0;
    %jmp T_7.101;
T_7.100 ;
    %load/vec4 v0000018807a72d20_0;
    %cmpi/e 2, 0, 3;
    %jmp/0xz  T_7.102, 4;
    %pushi/vec4 1448037461, 0, 32; draw_string_vec4
    %pushi/vec4 1296391988, 0, 32; draw_string_vec4
    %concat/vec4; draw_string_vec4
    %pushi/vec4 538976288, 0, 32; draw_string_vec4
    %concat/vec4; draw_string_vec4
    %pushi/vec4 538976288, 0, 32; draw_string_vec4
    %concat/vec4; draw_string_vec4
    %assign/vec4 v0000018807b1d3d0_0, 0;
    %jmp T_7.103;
T_7.102 ;
    %pushi/vec4 1448037461, 0, 32; draw_string_vec4
    %pushi/vec4 1296391986, 0, 32; draw_string_vec4
    %concat/vec4; draw_string_vec4
    %pushi/vec4 538976288, 0, 32; draw_string_vec4
    %concat/vec4; draw_string_vec4
    %pushi/vec4 538976288, 0, 32; draw_string_vec4
    %concat/vec4; draw_string_vec4
    %assign/vec4 v0000018807b1d3d0_0, 0;
T_7.103 ;
T_7.101 ;
T_7.99 ;
    %jmp T_7.19;
T_7.16 ;
    %load/vec4 v0000018807a72d20_0;
    %cmpi/e 0, 0, 3;
    %jmp/0xz  T_7.104, 4;
    %pushi/vec4 1448037461, 0, 32; draw_string_vec4
    %pushi/vec4 1296375840, 0, 32; draw_string_vec4
    %concat/vec4; draw_string_vec4
    %pushi/vec4 538976288, 0, 32; draw_string_vec4
    %concat/vec4; draw_string_vec4
    %pushi/vec4 538976288, 0, 32; draw_string_vec4
    %concat/vec4; draw_string_vec4
    %assign/vec4 v0000018807b1d3d0_0, 0;
    %jmp T_7.105;
T_7.104 ;
    %load/vec4 v0000018807a72d20_0;
    %cmpi/e 1, 0, 3;
    %jmp/0xz  T_7.106, 4;
    %pushi/vec4 1448037461, 0, 32; draw_string_vec4
    %pushi/vec4 1296375840, 0, 32; draw_string_vec4
    %concat/vec4; draw_string_vec4
    %pushi/vec4 538976288, 0, 32; draw_string_vec4
    %concat/vec4; draw_string_vec4
    %pushi/vec4 538976288, 0, 32; draw_string_vec4
    %concat/vec4; draw_string_vec4
    %assign/vec4 v0000018807b1d3d0_0, 0;
    %jmp T_7.107;
T_7.106 ;
    %load/vec4 v0000018807a72d20_0;
    %cmpi/e 2, 0, 3;
    %jmp/0xz  T_7.108, 4;
    %pushi/vec4 1448037461, 0, 32; draw_string_vec4
    %pushi/vec4 1296391989, 0, 32; draw_string_vec4
    %concat/vec4; draw_string_vec4
    %pushi/vec4 538976288, 0, 32; draw_string_vec4
    %concat/vec4; draw_string_vec4
    %pushi/vec4 538976288, 0, 32; draw_string_vec4
    %concat/vec4; draw_string_vec4
    %assign/vec4 v0000018807b1d3d0_0, 0;
    %jmp T_7.109;
T_7.108 ;
    %pushi/vec4 1448037461, 0, 32; draw_string_vec4
    %pushi/vec4 1296391987, 0, 32; draw_string_vec4
    %concat/vec4; draw_string_vec4
    %pushi/vec4 538976288, 0, 32; draw_string_vec4
    %concat/vec4; draw_string_vec4
    %pushi/vec4 538976288, 0, 32; draw_string_vec4
    %concat/vec4; draw_string_vec4
    %assign/vec4 v0000018807b1d3d0_0, 0;
T_7.109 ;
T_7.107 ;
T_7.105 ;
    %jmp T_7.19;
T_7.17 ;
    %load/vec4 v0000018807a72d20_0;
    %cmpi/e 0, 0, 3;
    %jmp/0xz  T_7.110, 4;
    %pushi/vec4 1448037461, 0, 32; draw_string_vec4
    %pushi/vec4 1296375840, 0, 32; draw_string_vec4
    %concat/vec4; draw_string_vec4
    %pushi/vec4 538976288, 0, 32; draw_string_vec4
    %concat/vec4; draw_string_vec4
    %pushi/vec4 538976288, 0, 32; draw_string_vec4
    %concat/vec4; draw_string_vec4
    %assign/vec4 v0000018807b1d3d0_0, 0;
    %jmp T_7.111;
T_7.110 ;
    %load/vec4 v0000018807a72d20_0;
    %cmpi/e 1, 0, 3;
    %jmp/0xz  T_7.112, 4;
    %pushi/vec4 1448037461, 0, 32; draw_string_vec4
    %pushi/vec4 1296375840, 0, 32; draw_string_vec4
    %concat/vec4; draw_string_vec4
    %pushi/vec4 538976288, 0, 32; draw_string_vec4
    %concat/vec4; draw_string_vec4
    %pushi/vec4 538976288, 0, 32; draw_string_vec4
    %concat/vec4; draw_string_vec4
    %assign/vec4 v0000018807b1d3d0_0, 0;
    %jmp T_7.113;
T_7.112 ;
    %load/vec4 v0000018807a72d20_0;
    %cmpi/e 2, 0, 3;
    %jmp/0xz  T_7.114, 4;
    %pushi/vec4 1448037461, 0, 32; draw_string_vec4
    %pushi/vec4 1296391985, 0, 32; draw_string_vec4
    %concat/vec4; draw_string_vec4
    %pushi/vec4 538976288, 0, 32; draw_string_vec4
    %concat/vec4; draw_string_vec4
    %pushi/vec4 538976288, 0, 32; draw_string_vec4
    %concat/vec4; draw_string_vec4
    %assign/vec4 v0000018807b1d3d0_0, 0;
    %jmp T_7.115;
T_7.114 ;
    %pushi/vec4 1448037461, 0, 32; draw_string_vec4
    %pushi/vec4 1296391988, 0, 32; draw_string_vec4
    %concat/vec4; draw_string_vec4
    %pushi/vec4 538976288, 0, 32; draw_string_vec4
    %concat/vec4; draw_string_vec4
    %pushi/vec4 538976288, 0, 32; draw_string_vec4
    %concat/vec4; draw_string_vec4
    %assign/vec4 v0000018807b1d3d0_0, 0;
T_7.115 ;
T_7.113 ;
T_7.111 ;
    %jmp T_7.19;
T_7.19 ;
    %pop/vec4 1;
T_7.1 ;
    %jmp T_7;
    .thread T_7;
    .scope S_0000018807a26680;
T_8 ;
    %wait E_0000018807abd800;
    %load/vec4 v0000018807b1d290_0;
    %nor/r;
    %flag_set/vec4 8;
    %jmp/0xz  T_8.0, 8;
    %pushi/vec4 1297040453, 0, 32; draw_string_vec4
    %pushi/vec4 538976288, 0, 32; draw_string_vec4
    %concat/vec4; draw_string_vec4
    %pushi/vec4 538976288, 0, 32; draw_string_vec4
    %concat/vec4; draw_string_vec4
    %pushi/vec4 538976288, 0, 32; draw_string_vec4
    %concat/vec4; draw_string_vec4
    %assign/vec4 v0000018807b1bfd0_0, 0;
    %jmp T_8.1;
T_8.0 ;
    %load/vec4 v0000018807b1d3d0_0;
    %dup/vec4;
    %pushi/vec4 1297437513, 0, 32; draw_string_vec4
    %pushi/vec4 1126178848, 0, 32; draw_string_vec4
    %concat/vec4; draw_string_vec4
    %pushi/vec4 538976288, 0, 32; draw_string_vec4
    %concat/vec4; draw_string_vec4
    %pushi/vec4 538976288, 0, 32; draw_string_vec4
    %concat/vec4; draw_string_vec4
    %cmp/u;
    %jmp/1 T_8.2, 6;
    %dup/vec4;
    %pushi/vec4 1297040453, 0, 32; draw_string_vec4
    %pushi/vec4 538976288, 0, 32; draw_string_vec4
    %concat/vec4; draw_string_vec4
    %pushi/vec4 538976288, 0, 32; draw_string_vec4
    %concat/vec4; draw_string_vec4
    %pushi/vec4 538976288, 0, 32; draw_string_vec4
    %concat/vec4; draw_string_vec4
    %cmp/u;
    %jmp/1 T_8.3, 6;
    %dup/vec4;
    %pushi/vec4 1397769541, 0, 32; draw_string_vec4
    %pushi/vec4 1142956064, 0, 32; draw_string_vec4
    %concat/vec4; draw_string_vec4
    %pushi/vec4 538976288, 0, 32; draw_string_vec4
    %concat/vec4; draw_string_vec4
    %pushi/vec4 538976288, 0, 32; draw_string_vec4
    %concat/vec4; draw_string_vec4
    %cmp/u;
    %jmp/1 T_8.4, 6;
    %dup/vec4;
    %pushi/vec4 1448037461, 0, 32; draw_string_vec4
    %pushi/vec4 1296375840, 0, 32; draw_string_vec4
    %concat/vec4; draw_string_vec4
    %pushi/vec4 538976288, 0, 32; draw_string_vec4
    %concat/vec4; draw_string_vec4
    %pushi/vec4 538976288, 0, 32; draw_string_vec4
    %concat/vec4; draw_string_vec4
    %cmp/u;
    %jmp/1 T_8.5, 6;
    %dup/vec4;
    %pushi/vec4 1836413801, 0, 32; draw_string_vec4
    %pushi/vec4 1667182880, 0, 32; draw_string_vec4
    %concat/vec4; draw_string_vec4
    %pushi/vec4 538976288, 0, 32; draw_string_vec4
    %concat/vec4; draw_string_vec4
    %pushi/vec4 538976288, 0, 32; draw_string_vec4
    %concat/vec4; draw_string_vec4
    %cmp/u;
    %jmp/1 T_8.6, 6;
    %dup/vec4;
    %pushi/vec4 1836413801, 0, 32; draw_string_vec4
    %pushi/vec4 1667183136, 0, 32; draw_string_vec4
    %concat/vec4; draw_string_vec4
    %pushi/vec4 538976288, 0, 32; draw_string_vec4
    %concat/vec4; draw_string_vec4
    %pushi/vec4 538976288, 0, 32; draw_string_vec4
    %concat/vec4; draw_string_vec4
    %cmp/u;
    %jmp/1 T_8.7, 6;
    %dup/vec4;
    %pushi/vec4 1886151033, 0, 32; draw_string_vec4
    %pushi/vec4 543780384, 0, 32; draw_string_vec4
    %concat/vec4; draw_string_vec4
    %pushi/vec4 1869767781, 0, 32; draw_string_vec4
    %concat/vec4; draw_string_vec4
    %pushi/vec4 1914708000, 0, 32; draw_string_vec4
    %concat/vec4; draw_string_vec4
    %cmp/u;
    %jmp/1 T_8.8, 6;
    %dup/vec4;
    %pushi/vec4 1936289383, 0, 32; draw_string_vec4
    %pushi/vec4 1818566755, 0, 32; draw_string_vec4
    %concat/vec4; draw_string_vec4
    %pushi/vec4 2036558949, 0, 32; draw_string_vec4
    %concat/vec4; draw_string_vec4
    %pushi/vec4 538976288, 0, 32; draw_string_vec4
    %concat/vec4; draw_string_vec4
    %cmp/u;
    %jmp/1 T_8.9, 6;
    %dup/vec4;
    %pushi/vec4 824188960, 0, 32; draw_string_vec4
    %pushi/vec4 538976288, 0, 32; draw_string_vec4
    %concat/vec4; draw_string_vec4
    %pushi/vec4 538976288, 0, 32; draw_string_vec4
    %concat/vec4; draw_string_vec4
    %pushi/vec4 538976288, 0, 32; draw_string_vec4
    %concat/vec4; draw_string_vec4
    %cmp/u;
    %jmp/1 T_8.10, 6;
    %dup/vec4;
    %pushi/vec4 825111093, 0, 32; draw_string_vec4
    %pushi/vec4 538976288, 0, 32; draw_string_vec4
    %concat/vec4; draw_string_vec4
    %pushi/vec4 538976288, 0, 32; draw_string_vec4
    %concat/vec4; draw_string_vec4
    %pushi/vec4 538976288, 0, 32; draw_string_vec4
    %concat/vec4; draw_string_vec4
    %cmp/u;
    %jmp/1 T_8.11, 6;
    %dup/vec4;
    %pushi/vec4 808335157, 0, 32; draw_string_vec4
    %pushi/vec4 538976288, 0, 32; draw_string_vec4
    %concat/vec4; draw_string_vec4
    %pushi/vec4 538976288, 0, 32; draw_string_vec4
    %concat/vec4; draw_string_vec4
    %pushi/vec4 538976288, 0, 32; draw_string_vec4
    %concat/vec4; draw_string_vec4
    %cmp/u;
    %jmp/1 T_8.12, 6;
    %dup/vec4;
    %pushi/vec4 1448037461, 0, 32; draw_string_vec4
    %pushi/vec4 1296391985, 0, 32; draw_string_vec4
    %concat/vec4; draw_string_vec4
    %pushi/vec4 538976288, 0, 32; draw_string_vec4
    %concat/vec4; draw_string_vec4
    %pushi/vec4 538976288, 0, 32; draw_string_vec4
    %concat/vec4; draw_string_vec4
    %cmp/u;
    %jmp/1 T_8.13, 6;
    %dup/vec4;
    %pushi/vec4 1448037461, 0, 32; draw_string_vec4
    %pushi/vec4 1296391986, 0, 32; draw_string_vec4
    %concat/vec4; draw_string_vec4
    %pushi/vec4 538976288, 0, 32; draw_string_vec4
    %concat/vec4; draw_string_vec4
    %pushi/vec4 538976288, 0, 32; draw_string_vec4
    %concat/vec4; draw_string_vec4
    %cmp/u;
    %jmp/1 T_8.14, 6;
    %dup/vec4;
    %pushi/vec4 1448037461, 0, 32; draw_string_vec4
    %pushi/vec4 1296391987, 0, 32; draw_string_vec4
    %concat/vec4; draw_string_vec4
    %pushi/vec4 538976288, 0, 32; draw_string_vec4
    %concat/vec4; draw_string_vec4
    %pushi/vec4 538976288, 0, 32; draw_string_vec4
    %concat/vec4; draw_string_vec4
    %cmp/u;
    %jmp/1 T_8.15, 6;
    %dup/vec4;
    %pushi/vec4 1448037461, 0, 32; draw_string_vec4
    %pushi/vec4 1296391988, 0, 32; draw_string_vec4
    %concat/vec4; draw_string_vec4
    %pushi/vec4 538976288, 0, 32; draw_string_vec4
    %concat/vec4; draw_string_vec4
    %pushi/vec4 538976288, 0, 32; draw_string_vec4
    %concat/vec4; draw_string_vec4
    %cmp/u;
    %jmp/1 T_8.16, 6;
    %dup/vec4;
    %pushi/vec4 1448037461, 0, 32; draw_string_vec4
    %pushi/vec4 1296391989, 0, 32; draw_string_vec4
    %concat/vec4; draw_string_vec4
    %pushi/vec4 538976288, 0, 32; draw_string_vec4
    %concat/vec4; draw_string_vec4
    %pushi/vec4 538976288, 0, 32; draw_string_vec4
    %concat/vec4; draw_string_vec4
    %cmp/u;
    %jmp/1 T_8.17, 6;
    %pushi/vec4 1297040453, 0, 32; draw_string_vec4
    %pushi/vec4 538976288, 0, 32; draw_string_vec4
    %concat/vec4; draw_string_vec4
    %pushi/vec4 538976288, 0, 32; draw_string_vec4
    %concat/vec4; draw_string_vec4
    %pushi/vec4 538976288, 0, 32; draw_string_vec4
    %concat/vec4; draw_string_vec4
    %assign/vec4 v0000018807b1bfd0_0, 0;
    %jmp T_8.19;
T_8.2 ;
    %pushi/vec4 1297040453, 0, 32; draw_string_vec4
    %pushi/vec4 538976288, 0, 32; draw_string_vec4
    %concat/vec4; draw_string_vec4
    %pushi/vec4 538976288, 0, 32; draw_string_vec4
    %concat/vec4; draw_string_vec4
    %pushi/vec4 538976288, 0, 32; draw_string_vec4
    %concat/vec4; draw_string_vec4
    %assign/vec4 v0000018807b1bfd0_0, 0;
    %jmp T_8.19;
T_8.3 ;
    %pushi/vec4 1397769541, 0, 32; draw_string_vec4
    %pushi/vec4 1142956064, 0, 32; draw_string_vec4
    %concat/vec4; draw_string_vec4
    %pushi/vec4 538976288, 0, 32; draw_string_vec4
    %concat/vec4; draw_string_vec4
    %pushi/vec4 538976288, 0, 32; draw_string_vec4
    %concat/vec4; draw_string_vec4
    %assign/vec4 v0000018807b1bfd0_0, 0;
    %jmp T_8.19;
T_8.4 ;
    %pushi/vec4 1448037461, 0, 32; draw_string_vec4
    %pushi/vec4 1296375840, 0, 32; draw_string_vec4
    %concat/vec4; draw_string_vec4
    %pushi/vec4 538976288, 0, 32; draw_string_vec4
    %concat/vec4; draw_string_vec4
    %pushi/vec4 538976288, 0, 32; draw_string_vec4
    %concat/vec4; draw_string_vec4
    %assign/vec4 v0000018807b1bfd0_0, 0;
    %jmp T_8.19;
T_8.5 ;
    %pushi/vec4 1297437513, 0, 32; draw_string_vec4
    %pushi/vec4 1126178848, 0, 32; draw_string_vec4
    %concat/vec4; draw_string_vec4
    %pushi/vec4 538976288, 0, 32; draw_string_vec4
    %concat/vec4; draw_string_vec4
    %pushi/vec4 538976288, 0, 32; draw_string_vec4
    %concat/vec4; draw_string_vec4
    %assign/vec4 v0000018807b1bfd0_0, 0;
    %jmp T_8.19;
T_8.6 ;
    %pushi/vec4 1836413801, 0, 32; draw_string_vec4
    %pushi/vec4 1667183136, 0, 32; draw_string_vec4
    %concat/vec4; draw_string_vec4
    %pushi/vec4 538976288, 0, 32; draw_string_vec4
    %concat/vec4; draw_string_vec4
    %pushi/vec4 538976288, 0, 32; draw_string_vec4
    %concat/vec4; draw_string_vec4
    %assign/vec4 v0000018807b1bfd0_0, 0;
    %jmp T_8.19;
T_8.7 ;
    %pushi/vec4 1836413801, 0, 32; draw_string_vec4
    %pushi/vec4 1667182880, 0, 32; draw_string_vec4
    %concat/vec4; draw_string_vec4
    %pushi/vec4 538976288, 0, 32; draw_string_vec4
    %concat/vec4; draw_string_vec4
    %pushi/vec4 538976288, 0, 32; draw_string_vec4
    %concat/vec4; draw_string_vec4
    %assign/vec4 v0000018807b1bfd0_0, 0;
    %jmp T_8.19;
T_8.8 ;
    %pushi/vec4 1936289383, 0, 32; draw_string_vec4
    %pushi/vec4 1818566755, 0, 32; draw_string_vec4
    %concat/vec4; draw_string_vec4
    %pushi/vec4 2036558949, 0, 32; draw_string_vec4
    %concat/vec4; draw_string_vec4
    %pushi/vec4 538976288, 0, 32; draw_string_vec4
    %concat/vec4; draw_string_vec4
    %assign/vec4 v0000018807b1bfd0_0, 0;
    %jmp T_8.19;
T_8.9 ;
    %pushi/vec4 1886151033, 0, 32; draw_string_vec4
    %pushi/vec4 543780384, 0, 32; draw_string_vec4
    %concat/vec4; draw_string_vec4
    %pushi/vec4 1869767781, 0, 32; draw_string_vec4
    %concat/vec4; draw_string_vec4
    %pushi/vec4 1914708000, 0, 32; draw_string_vec4
    %concat/vec4; draw_string_vec4
    %assign/vec4 v0000018807b1bfd0_0, 0;
    %jmp T_8.19;
T_8.10 ;
    %pushi/vec4 825111093, 0, 32; draw_string_vec4
    %pushi/vec4 538976288, 0, 32; draw_string_vec4
    %concat/vec4; draw_string_vec4
    %pushi/vec4 538976288, 0, 32; draw_string_vec4
    %concat/vec4; draw_string_vec4
    %pushi/vec4 538976288, 0, 32; draw_string_vec4
    %concat/vec4; draw_string_vec4
    %assign/vec4 v0000018807b1bfd0_0, 0;
    %jmp T_8.19;
T_8.11 ;
    %pushi/vec4 808335157, 0, 32; draw_string_vec4
    %pushi/vec4 538976288, 0, 32; draw_string_vec4
    %concat/vec4; draw_string_vec4
    %pushi/vec4 538976288, 0, 32; draw_string_vec4
    %concat/vec4; draw_string_vec4
    %pushi/vec4 538976288, 0, 32; draw_string_vec4
    %concat/vec4; draw_string_vec4
    %assign/vec4 v0000018807b1bfd0_0, 0;
    %jmp T_8.19;
T_8.12 ;
    %pushi/vec4 824188960, 0, 32; draw_string_vec4
    %pushi/vec4 538976288, 0, 32; draw_string_vec4
    %concat/vec4; draw_string_vec4
    %pushi/vec4 538976288, 0, 32; draw_string_vec4
    %concat/vec4; draw_string_vec4
    %pushi/vec4 538976288, 0, 32; draw_string_vec4
    %concat/vec4; draw_string_vec4
    %assign/vec4 v0000018807b1bfd0_0, 0;
    %jmp T_8.19;
T_8.13 ;
    %pushi/vec4 1448037461, 0, 32; draw_string_vec4
    %pushi/vec4 1296391986, 0, 32; draw_string_vec4
    %concat/vec4; draw_string_vec4
    %pushi/vec4 538976288, 0, 32; draw_string_vec4
    %concat/vec4; draw_string_vec4
    %pushi/vec4 538976288, 0, 32; draw_string_vec4
    %concat/vec4; draw_string_vec4
    %assign/vec4 v0000018807b1bfd0_0, 0;
    %jmp T_8.19;
T_8.14 ;
    %pushi/vec4 1448037461, 0, 32; draw_string_vec4
    %pushi/vec4 1296391987, 0, 32; draw_string_vec4
    %concat/vec4; draw_string_vec4
    %pushi/vec4 538976288, 0, 32; draw_string_vec4
    %concat/vec4; draw_string_vec4
    %pushi/vec4 538976288, 0, 32; draw_string_vec4
    %concat/vec4; draw_string_vec4
    %assign/vec4 v0000018807b1bfd0_0, 0;
    %jmp T_8.19;
T_8.15 ;
    %pushi/vec4 1448037461, 0, 32; draw_string_vec4
    %pushi/vec4 1296391988, 0, 32; draw_string_vec4
    %concat/vec4; draw_string_vec4
    %pushi/vec4 538976288, 0, 32; draw_string_vec4
    %concat/vec4; draw_string_vec4
    %pushi/vec4 538976288, 0, 32; draw_string_vec4
    %concat/vec4; draw_string_vec4
    %assign/vec4 v0000018807b1bfd0_0, 0;
    %jmp T_8.19;
T_8.16 ;
    %pushi/vec4 1448037461, 0, 32; draw_string_vec4
    %pushi/vec4 1296391989, 0, 32; draw_string_vec4
    %concat/vec4; draw_string_vec4
    %pushi/vec4 538976288, 0, 32; draw_string_vec4
    %concat/vec4; draw_string_vec4
    %pushi/vec4 538976288, 0, 32; draw_string_vec4
    %concat/vec4; draw_string_vec4
    %assign/vec4 v0000018807b1bfd0_0, 0;
    %jmp T_8.19;
T_8.17 ;
    %pushi/vec4 1448037461, 0, 32; draw_string_vec4
    %pushi/vec4 1296391985, 0, 32; draw_string_vec4
    %concat/vec4; draw_string_vec4
    %pushi/vec4 538976288, 0, 32; draw_string_vec4
    %concat/vec4; draw_string_vec4
    %pushi/vec4 538976288, 0, 32; draw_string_vec4
    %concat/vec4; draw_string_vec4
    %assign/vec4 v0000018807b1bfd0_0, 0;
    %jmp T_8.19;
T_8.19 ;
    %pop/vec4 1;
T_8.1 ;
    %jmp T_8;
    .thread T_8;
# The file index is used to find the file name in the following table.
:file_names 3;
    "N/A";
    "<interactive>";
    "LCD.v";
