#! /c/Source/iverilog-install/bin/vvp
:ivl_version "12.0 (devel)" "(s20150603-1539-g2693dd32b)";
:ivl_delay_selection "TYPICAL";
:vpi_time_precision + 0;
:vpi_module "D:\iverilog\iverilog\lib\ivl\system.vpi";
:vpi_module "D:\iverilog\iverilog\lib\ivl\vhdl_sys.vpi";
:vpi_module "D:\iverilog\iverilog\lib\ivl\vhdl_textio.vpi";
:vpi_module "D:\iverilog\iverilog\lib\ivl\v2005_math.vpi";
:vpi_module "D:\iverilog\iverilog\lib\ivl\va_math.vpi";
S_0000022d155b28a0 .scope module, "lcd_fsm" "lcd_fsm" 2 1;
 .timescale 0 0;
    .port_info 0 /INPUT 1 "clk";
    .port_info 1 /INPUT 1 "rst_n";
    .port_info 2 /INPUT 1 "key1_flag";
    .port_info 3 /INPUT 1 "key2_flag";
    .port_info 4 /INPUT 1 "key3_flag";
    .port_info 5 /INPUT 1 "key4_flag";
    .port_info 6 /OUTPUT 2 "music";
    .port_info 7 /OUTPUT 2 "speed";
    .port_info 8 /OUTPUT 1 "mode";
    .port_info 9 /OUTPUT 3 "volume";
P_0000022d15572ef0 .param/l "S0" 0 2 30, C4<00000>;
P_0000022d15572f28 .param/l "S1" 0 2 30, C4<00001>;
P_0000022d15572f60 .param/l "S10" 0 2 31, C4<01010>;
P_0000022d15572f98 .param/l "S11" 0 2 31, C4<01011>;
P_0000022d15572fd0 .param/l "S12" 0 2 31, C4<01100>;
P_0000022d15573008 .param/l "S13" 0 2 31, C4<01101>;
P_0000022d15573040 .param/l "S14" 0 2 32, C4<01110>;
P_0000022d15573078 .param/l "S15" 0 2 32, C4<01111>;
P_0000022d155730b0 .param/l "S16" 0 2 32, C4<10000>;
P_0000022d155730e8 .param/l "S17" 0 2 32, C4<10001>;
P_0000022d15573120 .param/l "S18" 0 2 32, C4<10010>;
P_0000022d15573158 .param/l "S19" 0 2 32, C4<10011>;
P_0000022d15573190 .param/l "S2" 0 2 30, C4<00010>;
P_0000022d155731c8 .param/l "S20" 0 2 32, C4<10100>;
P_0000022d15573200 .param/l "S3" 0 2 30, C4<00011>;
P_0000022d15573238 .param/l "S4" 0 2 30, C4<00100>;
P_0000022d15573270 .param/l "S5" 0 2 30, C4<00101>;
P_0000022d155732a8 .param/l "S6" 0 2 30, C4<00110>;
P_0000022d155732e0 .param/l "S7" 0 2 31, C4<00111>;
P_0000022d15573318 .param/l "S8" 0 2 31, C4<01000>;
P_0000022d15573350 .param/l "S9" 0 2 31, C4<01001>;
P_0000022d15573388 .param/l "key1" 0 2 18, C4<00>;
P_0000022d155733c0 .param/l "key2" 0 2 18, C4<01>;
P_0000022d155733f8 .param/l "key3" 0 2 18, C4<10>;
P_0000022d15573430 .param/l "key4" 0 2 18, C4<11>;
P_0000022d15573468 .param/l "md1" 0 2 25, C4<0>;
P_0000022d155734a0 .param/l "md2" 0 2 25, C4<1>;
P_0000022d155734d8 .param/l "mu1" 0 2 22, C4<00>;
P_0000022d15573510 .param/l "mu2" 0 2 22, C4<01>;
P_0000022d15573548 .param/l "mu3" 0 2 22, C4<10>;
P_0000022d15573580 .param/l "mu4" 0 2 22, C4<11>;
P_0000022d155735b8 .param/l "sp1" 0 2 23, C4<00>;
P_0000022d155735f0 .param/l "sp2" 0 2 23, C4<01>;
P_0000022d15573628 .param/l "sp3" 0 2 23, C4<10>;
P_0000022d15573660 .param/l "vl1" 0 2 24, C4<000>;
P_0000022d15573698 .param/l "vl2" 0 2 24, C4<001>;
P_0000022d155736d0 .param/l "vl3" 0 2 24, C4<010>;
P_0000022d15573708 .param/l "vl4" 0 2 24, C4<011>;
P_0000022d15573740 .param/l "vl5" 0 2 24, C4<100>;
v0000022d1559ff30_0 .var "KEY", 2 0;
o0000022d155b6ca8 .functor BUFZ 1, C4<z>; HiZ drive
v0000022d1552afe0_0 .net "clk", 0 0, o0000022d155b6ca8;  0 drivers
v0000022d15526ae0_0 .var "currentstate", 4 0;
o0000022d155b6d08 .functor BUFZ 1, C4<z>; HiZ drive
v0000022d155b2ae0_0 .net "key1_flag", 0 0, o0000022d155b6d08;  0 drivers
o0000022d155b6d38 .functor BUFZ 1, C4<z>; HiZ drive
v0000022d155b2b80_0 .net "key2_flag", 0 0, o0000022d155b6d38;  0 drivers
o0000022d155b6d68 .functor BUFZ 1, C4<z>; HiZ drive
v0000022d15573f90_0 .net "key3_flag", 0 0, o0000022d155b6d68;  0 drivers
o0000022d155b6d98 .functor BUFZ 1, C4<z>; HiZ drive
v0000022d15574030_0 .net "key4_flag", 0 0, o0000022d155b6d98;  0 drivers
v0000022d155740d0_0 .var "mode", 0 0;
v0000022d15574170_0 .var "music", 1 0;
v0000022d15574210_0 .var "nextstate", 4 0;
o0000022d155b6e58 .functor BUFZ 1, C4<z>; HiZ drive
v0000022d155742b0_0 .net "rst_n", 0 0, o0000022d155b6e58;  0 drivers
v0000022d15574350_0 .var "speed", 1 0;
v0000022d155743f0_0 .var "volume", 2 0;
E_0000022d15565b60/0 .event negedge, v0000022d155742b0_0;
E_0000022d15565b60/1 .event posedge, v0000022d1552afe0_0;
E_0000022d15565b60 .event/or E_0000022d15565b60/0, E_0000022d15565b60/1;
E_0000022d155655e0 .event anyedge, v0000022d155742b0_0, v0000022d15526ae0_0, v0000022d1559ff30_0;
    .scope S_0000022d155b28a0;
T_0 ;
    %wait E_0000022d15565b60;
    %load/vec4 v0000022d155742b0_0;
    %nor/r;
    %flag_set/vec4 8;
    %jmp/0xz  T_0.0, 8;
    %pushi/vec4 0, 0, 3;
    %assign/vec4 v0000022d1559ff30_0, 0;
    %jmp T_0.1;
T_0.0 ;
    %load/vec4 v0000022d155b2ae0_0;
    %cmpi/e 1, 0, 1;
    %jmp/0xz  T_0.2, 4;
    %pushi/vec4 0, 0, 3;
    %assign/vec4 v0000022d1559ff30_0, 0;
    %jmp T_0.3;
T_0.2 ;
    %load/vec4 v0000022d155b2b80_0;
    %cmpi/e 1, 0, 1;
    %jmp/0xz  T_0.4, 4;
    %pushi/vec4 1, 0, 3;
    %assign/vec4 v0000022d1559ff30_0, 0;
    %jmp T_0.5;
T_0.4 ;
    %load/vec4 v0000022d15573f90_0;
    %cmpi/e 1, 0, 1;
    %jmp/0xz  T_0.6, 4;
    %pushi/vec4 2, 0, 3;
    %assign/vec4 v0000022d1559ff30_0, 0;
    %jmp T_0.7;
T_0.6 ;
    %load/vec4 v0000022d15574030_0;
    %cmpi/e 1, 0, 1;
    %jmp/0xz  T_0.8, 4;
    %pushi/vec4 3, 0, 3;
    %assign/vec4 v0000022d1559ff30_0, 0;
    %jmp T_0.9;
T_0.8 ;
    %pushi/vec4 4, 0, 3;
    %assign/vec4 v0000022d1559ff30_0, 0;
T_0.9 ;
T_0.7 ;
T_0.5 ;
T_0.3 ;
T_0.1 ;
    %jmp T_0;
    .thread T_0;
    .scope S_0000022d155b28a0;
T_1 ;
    %wait E_0000022d15565b60;
    %load/vec4 v0000022d155742b0_0;
    %nor/r;
    %flag_set/vec4 8;
    %jmp/0xz  T_1.0, 8;
    %pushi/vec4 1, 0, 5;
    %assign/vec4 v0000022d15526ae0_0, 0;
    %jmp T_1.1;
T_1.0 ;
    %load/vec4 v0000022d15574210_0;
    %assign/vec4 v0000022d15526ae0_0, 0;
T_1.1 ;
    %jmp T_1;
    .thread T_1;
    .scope S_0000022d155b28a0;
T_2 ;
    %wait E_0000022d155655e0;
    %load/vec4 v0000022d155742b0_0;
    %nor/r;
    %flag_set/vec4 8;
    %jmp/0xz  T_2.0, 8;
    %pushi/vec4 1, 0, 5;
    %store/vec4 v0000022d15574210_0, 0, 5;
    %jmp T_2.1;
T_2.0 ;
    %load/vec4 v0000022d15526ae0_0;
    %dup/vec4;
    %pushi/vec4 1, 0, 5;
    %cmp/u;
    %jmp/1 T_2.2, 6;
    %dup/vec4;
    %pushi/vec4 2, 0, 5;
    %cmp/u;
    %jmp/1 T_2.3, 6;
    %dup/vec4;
    %pushi/vec4 3, 0, 5;
    %cmp/u;
    %jmp/1 T_2.4, 6;
    %dup/vec4;
    %pushi/vec4 4, 0, 5;
    %cmp/u;
    %jmp/1 T_2.5, 6;
    %dup/vec4;
    %pushi/vec4 5, 0, 5;
    %cmp/u;
    %jmp/1 T_2.6, 6;
    %dup/vec4;
    %pushi/vec4 6, 0, 5;
    %cmp/u;
    %jmp/1 T_2.7, 6;
    %dup/vec4;
    %pushi/vec4 7, 0, 5;
    %cmp/u;
    %jmp/1 T_2.8, 6;
    %dup/vec4;
    %pushi/vec4 8, 0, 5;
    %cmp/u;
    %jmp/1 T_2.9, 6;
    %dup/vec4;
    %pushi/vec4 9, 0, 5;
    %cmp/u;
    %jmp/1 T_2.10, 6;
    %dup/vec4;
    %pushi/vec4 10, 0, 5;
    %cmp/u;
    %jmp/1 T_2.11, 6;
    %dup/vec4;
    %pushi/vec4 11, 0, 5;
    %cmp/u;
    %jmp/1 T_2.12, 6;
    %dup/vec4;
    %pushi/vec4 12, 0, 5;
    %cmp/u;
    %jmp/1 T_2.13, 6;
    %dup/vec4;
    %pushi/vec4 13, 0, 5;
    %cmp/u;
    %jmp/1 T_2.14, 6;
    %dup/vec4;
    %pushi/vec4 14, 0, 5;
    %cmp/u;
    %jmp/1 T_2.15, 6;
    %dup/vec4;
    %pushi/vec4 15, 0, 5;
    %cmp/u;
    %jmp/1 T_2.16, 6;
    %dup/vec4;
    %pushi/vec4 16, 0, 5;
    %cmp/u;
    %jmp/1 T_2.17, 6;
    %dup/vec4;
    %pushi/vec4 17, 0, 5;
    %cmp/u;
    %jmp/1 T_2.18, 6;
    %dup/vec4;
    %pushi/vec4 18, 0, 5;
    %cmp/u;
    %jmp/1 T_2.19, 6;
    %dup/vec4;
    %pushi/vec4 19, 0, 5;
    %cmp/u;
    %jmp/1 T_2.20, 6;
    %dup/vec4;
    %pushi/vec4 20, 0, 5;
    %cmp/u;
    %jmp/1 T_2.21, 6;
    %pushi/vec4 1, 0, 5;
    %store/vec4 v0000022d15574210_0, 0, 5;
    %jmp T_2.23;
T_2.2 ;
    %load/vec4 v0000022d1559ff30_0;
    %cmpi/e 0, 0, 3;
    %jmp/0xz  T_2.24, 4;
    %pushi/vec4 1, 0, 5;
    %store/vec4 v0000022d15574210_0, 0, 5;
    %jmp T_2.25;
T_2.24 ;
    %load/vec4 v0000022d1559ff30_0;
    %cmpi/e 1, 0, 3;
    %jmp/0xz  T_2.26, 4;
    %pushi/vec4 5, 0, 5;
    %store/vec4 v0000022d15574210_0, 0, 5;
    %jmp T_2.27;
T_2.26 ;
    %load/vec4 v0000022d1559ff30_0;
    %cmpi/e 2, 0, 3;
    %jmp/0xz  T_2.28, 4;
    %pushi/vec4 2, 0, 5;
    %store/vec4 v0000022d15574210_0, 0, 5;
    %jmp T_2.29;
T_2.28 ;
    %load/vec4 v0000022d1559ff30_0;
    %cmpi/e 3, 0, 3;
    %jmp/0xz  T_2.30, 4;
    %pushi/vec4 4, 0, 5;
    %store/vec4 v0000022d15574210_0, 0, 5;
    %jmp T_2.31;
T_2.30 ;
    %pushi/vec4 1, 0, 5;
    %store/vec4 v0000022d15574210_0, 0, 5;
T_2.31 ;
T_2.29 ;
T_2.27 ;
T_2.25 ;
    %jmp T_2.23;
T_2.3 ;
    %load/vec4 v0000022d1559ff30_0;
    %cmpi/e 0, 0, 3;
    %jmp/0xz  T_2.32, 4;
    %pushi/vec4 2, 0, 5;
    %store/vec4 v0000022d15574210_0, 0, 5;
    %jmp T_2.33;
T_2.32 ;
    %load/vec4 v0000022d1559ff30_0;
    %cmpi/e 1, 0, 3;
    %jmp/0xz  T_2.34, 4;
    %pushi/vec4 8, 0, 5;
    %store/vec4 v0000022d15574210_0, 0, 5;
    %jmp T_2.35;
T_2.34 ;
    %load/vec4 v0000022d1559ff30_0;
    %cmpi/e 2, 0, 3;
    %jmp/0xz  T_2.36, 4;
    %pushi/vec4 3, 0, 5;
    %store/vec4 v0000022d15574210_0, 0, 5;
    %jmp T_2.37;
T_2.36 ;
    %load/vec4 v0000022d1559ff30_0;
    %cmpi/e 3, 0, 3;
    %jmp/0xz  T_2.38, 4;
    %pushi/vec4 1, 0, 5;
    %store/vec4 v0000022d15574210_0, 0, 5;
    %jmp T_2.39;
T_2.38 ;
    %pushi/vec4 2, 0, 5;
    %store/vec4 v0000022d15574210_0, 0, 5;
T_2.39 ;
T_2.37 ;
T_2.35 ;
T_2.33 ;
    %jmp T_2.23;
T_2.4 ;
    %load/vec4 v0000022d1559ff30_0;
    %cmpi/e 0, 0, 3;
    %jmp/0xz  T_2.40, 4;
    %pushi/vec4 3, 0, 5;
    %store/vec4 v0000022d15574210_0, 0, 5;
    %jmp T_2.41;
T_2.40 ;
    %load/vec4 v0000022d1559ff30_0;
    %cmpi/e 1, 0, 3;
    %jmp/0xz  T_2.42, 4;
    %pushi/vec4 10, 0, 5;
    %store/vec4 v0000022d15574210_0, 0, 5;
    %jmp T_2.43;
T_2.42 ;
    %load/vec4 v0000022d1559ff30_0;
    %cmpi/e 2, 0, 3;
    %jmp/0xz  T_2.44, 4;
    %pushi/vec4 4, 0, 5;
    %store/vec4 v0000022d15574210_0, 0, 5;
    %jmp T_2.45;
T_2.44 ;
    %load/vec4 v0000022d1559ff30_0;
    %cmpi/e 3, 0, 3;
    %jmp/0xz  T_2.46, 4;
    %pushi/vec4 2, 0, 5;
    %store/vec4 v0000022d15574210_0, 0, 5;
    %jmp T_2.47;
T_2.46 ;
    %pushi/vec4 3, 0, 5;
    %store/vec4 v0000022d15574210_0, 0, 5;
T_2.47 ;
T_2.45 ;
T_2.43 ;
T_2.41 ;
    %jmp T_2.23;
T_2.5 ;
    %load/vec4 v0000022d1559ff30_0;
    %cmpi/e 0, 0, 3;
    %jmp/0xz  T_2.48, 4;
    %pushi/vec4 4, 0, 5;
    %store/vec4 v0000022d15574210_0, 0, 5;
    %jmp T_2.49;
T_2.48 ;
    %load/vec4 v0000022d1559ff30_0;
    %cmpi/e 1, 0, 3;
    %jmp/0xz  T_2.50, 4;
    %pushi/vec4 13, 0, 5;
    %store/vec4 v0000022d15574210_0, 0, 5;
    %jmp T_2.51;
T_2.50 ;
    %load/vec4 v0000022d1559ff30_0;
    %cmpi/e 2, 0, 3;
    %jmp/0xz  T_2.52, 4;
    %pushi/vec4 1, 0, 5;
    %store/vec4 v0000022d15574210_0, 0, 5;
    %jmp T_2.53;
T_2.52 ;
    %load/vec4 v0000022d1559ff30_0;
    %cmpi/e 3, 0, 3;
    %jmp/0xz  T_2.54, 4;
    %pushi/vec4 3, 0, 5;
    %store/vec4 v0000022d15574210_0, 0, 5;
    %jmp T_2.55;
T_2.54 ;
    %pushi/vec4 4, 0, 5;
    %store/vec4 v0000022d15574210_0, 0, 5;
T_2.55 ;
T_2.53 ;
T_2.51 ;
T_2.49 ;
    %jmp T_2.23;
T_2.6 ;
    %load/vec4 v0000022d1559ff30_0;
    %cmpi/e 0, 0, 3;
    %jmp/0xz  T_2.56, 4;
    %pushi/vec4 1, 0, 5;
    %store/vec4 v0000022d15574210_0, 0, 5;
    %jmp T_2.57;
T_2.56 ;
    %load/vec4 v0000022d1559ff30_0;
    %cmpi/e 1, 0, 3;
    %jmp/0xz  T_2.58, 4;
    %pushi/vec4 18, 0, 5;
    %store/vec4 v0000022d15574210_0, 0, 5;
    %jmp T_2.59;
T_2.58 ;
    %load/vec4 v0000022d1559ff30_0;
    %cmpi/e 2, 0, 3;
    %jmp/0xz  T_2.60, 4;
    %pushi/vec4 6, 0, 5;
    %store/vec4 v0000022d15574210_0, 0, 5;
    %jmp T_2.61;
T_2.60 ;
    %load/vec4 v0000022d1559ff30_0;
    %cmpi/e 3, 0, 3;
    %jmp/0xz  T_2.62, 4;
    %pushi/vec4 7, 0, 5;
    %store/vec4 v0000022d15574210_0, 0, 5;
    %jmp T_2.63;
T_2.62 ;
    %pushi/vec4 5, 0, 5;
    %store/vec4 v0000022d15574210_0, 0, 5;
T_2.63 ;
T_2.61 ;
T_2.59 ;
T_2.57 ;
    %jmp T_2.23;
T_2.7 ;
    %load/vec4 v0000022d1559ff30_0;
    %cmpi/e 0, 0, 3;
    %jmp/0xz  T_2.64, 4;
    %pushi/vec4 1, 0, 5;
    %store/vec4 v0000022d15574210_0, 0, 5;
    %jmp T_2.65;
T_2.64 ;
    %load/vec4 v0000022d1559ff30_0;
    %cmpi/e 1, 0, 3;
    %jmp/0xz  T_2.66, 4;
    %pushi/vec4 19, 0, 5;
    %store/vec4 v0000022d15574210_0, 0, 5;
    %jmp T_2.67;
T_2.66 ;
    %load/vec4 v0000022d1559ff30_0;
    %cmpi/e 2, 0, 3;
    %jmp/0xz  T_2.68, 4;
    %pushi/vec4 7, 0, 5;
    %store/vec4 v0000022d15574210_0, 0, 5;
    %jmp T_2.69;
T_2.68 ;
    %load/vec4 v0000022d1559ff30_0;
    %cmpi/e 3, 0, 3;
    %jmp/0xz  T_2.70, 4;
    %pushi/vec4 5, 0, 5;
    %store/vec4 v0000022d15574210_0, 0, 5;
    %jmp T_2.71;
T_2.70 ;
    %pushi/vec4 6, 0, 5;
    %store/vec4 v0000022d15574210_0, 0, 5;
T_2.71 ;
T_2.69 ;
T_2.67 ;
T_2.65 ;
    %jmp T_2.23;
T_2.8 ;
    %load/vec4 v0000022d1559ff30_0;
    %cmpi/e 0, 0, 3;
    %jmp/0xz  T_2.72, 4;
    %pushi/vec4 1, 0, 5;
    %store/vec4 v0000022d15574210_0, 0, 5;
    %jmp T_2.73;
T_2.72 ;
    %load/vec4 v0000022d1559ff30_0;
    %cmpi/e 1, 0, 3;
    %jmp/0xz  T_2.74, 4;
    %pushi/vec4 20, 0, 5;
    %store/vec4 v0000022d15574210_0, 0, 5;
    %jmp T_2.75;
T_2.74 ;
    %load/vec4 v0000022d1559ff30_0;
    %cmpi/e 2, 0, 3;
    %jmp/0xz  T_2.76, 4;
    %pushi/vec4 5, 0, 5;
    %store/vec4 v0000022d15574210_0, 0, 5;
    %jmp T_2.77;
T_2.76 ;
    %load/vec4 v0000022d1559ff30_0;
    %cmpi/e 3, 0, 3;
    %jmp/0xz  T_2.78, 4;
    %pushi/vec4 6, 0, 5;
    %store/vec4 v0000022d15574210_0, 0, 5;
    %jmp T_2.79;
T_2.78 ;
    %pushi/vec4 7, 0, 5;
    %store/vec4 v0000022d15574210_0, 0, 5;
T_2.79 ;
T_2.77 ;
T_2.75 ;
T_2.73 ;
    %jmp T_2.23;
T_2.9 ;
    %load/vec4 v0000022d1559ff30_0;
    %cmpi/e 0, 0, 3;
    %jmp/0xz  T_2.80, 4;
    %pushi/vec4 2, 0, 5;
    %store/vec4 v0000022d15574210_0, 0, 5;
    %jmp T_2.81;
T_2.80 ;
    %load/vec4 v0000022d1559ff30_0;
    %cmpi/e 1, 0, 3;
    %jmp/0xz  T_2.82, 4;
    %pushi/vec4 2, 0, 5;
    %store/vec4 v0000022d15574210_0, 0, 5;
    %jmp T_2.83;
T_2.82 ;
    %load/vec4 v0000022d1559ff30_0;
    %cmpi/e 2, 0, 3;
    %jmp/0xz  T_2.84, 4;
    %pushi/vec4 9, 0, 5;
    %store/vec4 v0000022d15574210_0, 0, 5;
    %jmp T_2.85;
T_2.84 ;
    %load/vec4 v0000022d1559ff30_0;
    %cmpi/e 3, 0, 3;
    %jmp/0xz  T_2.86, 4;
    %pushi/vec4 9, 0, 5;
    %store/vec4 v0000022d15574210_0, 0, 5;
    %jmp T_2.87;
T_2.86 ;
    %pushi/vec4 8, 0, 5;
    %store/vec4 v0000022d15574210_0, 0, 5;
T_2.87 ;
T_2.85 ;
T_2.83 ;
T_2.81 ;
    %jmp T_2.23;
T_2.10 ;
    %load/vec4 v0000022d1559ff30_0;
    %cmpi/e 0, 0, 3;
    %jmp/0xz  T_2.88, 4;
    %pushi/vec4 2, 0, 5;
    %store/vec4 v0000022d15574210_0, 0, 5;
    %jmp T_2.89;
T_2.88 ;
    %load/vec4 v0000022d1559ff30_0;
    %cmpi/e 1, 0, 3;
    %jmp/0xz  T_2.90, 4;
    %pushi/vec4 2, 0, 5;
    %store/vec4 v0000022d15574210_0, 0, 5;
    %jmp T_2.91;
T_2.90 ;
    %load/vec4 v0000022d1559ff30_0;
    %cmpi/e 2, 0, 3;
    %jmp/0xz  T_2.92, 4;
    %pushi/vec4 8, 0, 5;
    %store/vec4 v0000022d15574210_0, 0, 5;
    %jmp T_2.93;
T_2.92 ;
    %load/vec4 v0000022d1559ff30_0;
    %cmpi/e 3, 0, 3;
    %jmp/0xz  T_2.94, 4;
    %pushi/vec4 8, 0, 5;
    %store/vec4 v0000022d15574210_0, 0, 5;
    %jmp T_2.95;
T_2.94 ;
    %pushi/vec4 9, 0, 5;
    %store/vec4 v0000022d15574210_0, 0, 5;
T_2.95 ;
T_2.93 ;
T_2.91 ;
T_2.89 ;
    %jmp T_2.23;
T_2.11 ;
    %load/vec4 v0000022d1559ff30_0;
    %cmpi/e 0, 0, 3;
    %jmp/0xz  T_2.96, 4;
    %pushi/vec4 3, 0, 5;
    %store/vec4 v0000022d15574210_0, 0, 5;
    %jmp T_2.97;
T_2.96 ;
    %load/vec4 v0000022d1559ff30_0;
    %cmpi/e 1, 0, 3;
    %jmp/0xz  T_2.98, 4;
    %pushi/vec4 3, 0, 5;
    %store/vec4 v0000022d15574210_0, 0, 5;
    %jmp T_2.99;
T_2.98 ;
    %load/vec4 v0000022d1559ff30_0;
    %cmpi/e 2, 0, 3;
    %jmp/0xz  T_2.100, 4;
    %pushi/vec4 11, 0, 5;
    %store/vec4 v0000022d15574210_0, 0, 5;
    %jmp T_2.101;
T_2.100 ;
    %load/vec4 v0000022d1559ff30_0;
    %cmpi/e 3, 0, 3;
    %jmp/0xz  T_2.102, 4;
    %pushi/vec4 12, 0, 5;
    %store/vec4 v0000022d15574210_0, 0, 5;
    %jmp T_2.103;
T_2.102 ;
    %pushi/vec4 10, 0, 5;
    %store/vec4 v0000022d15574210_0, 0, 5;
T_2.103 ;
T_2.101 ;
T_2.99 ;
T_2.97 ;
    %jmp T_2.23;
T_2.12 ;
    %load/vec4 v0000022d1559ff30_0;
    %cmpi/e 0, 0, 3;
    %jmp/0xz  T_2.104, 4;
    %pushi/vec4 3, 0, 5;
    %store/vec4 v0000022d15574210_0, 0, 5;
    %jmp T_2.105;
T_2.104 ;
    %load/vec4 v0000022d1559ff30_0;
    %cmpi/e 1, 0, 3;
    %jmp/0xz  T_2.106, 4;
    %pushi/vec4 3, 0, 5;
    %store/vec4 v0000022d15574210_0, 0, 5;
    %jmp T_2.107;
T_2.106 ;
    %load/vec4 v0000022d1559ff30_0;
    %cmpi/e 2, 0, 3;
    %jmp/0xz  T_2.108, 4;
    %pushi/vec4 12, 0, 5;
    %store/vec4 v0000022d15574210_0, 0, 5;
    %jmp T_2.109;
T_2.108 ;
    %load/vec4 v0000022d1559ff30_0;
    %cmpi/e 3, 0, 3;
    %jmp/0xz  T_2.110, 4;
    %pushi/vec4 10, 0, 5;
    %store/vec4 v0000022d15574210_0, 0, 5;
    %jmp T_2.111;
T_2.110 ;
    %pushi/vec4 11, 0, 5;
    %store/vec4 v0000022d15574210_0, 0, 5;
T_2.111 ;
T_2.109 ;
T_2.107 ;
T_2.105 ;
    %jmp T_2.23;
T_2.13 ;
    %load/vec4 v0000022d1559ff30_0;
    %cmpi/e 0, 0, 3;
    %jmp/0xz  T_2.112, 4;
    %pushi/vec4 3, 0, 5;
    %store/vec4 v0000022d15574210_0, 0, 5;
    %jmp T_2.113;
T_2.112 ;
    %load/vec4 v0000022d1559ff30_0;
    %cmpi/e 1, 0, 3;
    %jmp/0xz  T_2.114, 4;
    %pushi/vec4 3, 0, 5;
    %store/vec4 v0000022d15574210_0, 0, 5;
    %jmp T_2.115;
T_2.114 ;
    %load/vec4 v0000022d1559ff30_0;
    %cmpi/e 2, 0, 3;
    %jmp/0xz  T_2.116, 4;
    %pushi/vec4 10, 0, 5;
    %store/vec4 v0000022d15574210_0, 0, 5;
    %jmp T_2.117;
T_2.116 ;
    %load/vec4 v0000022d1559ff30_0;
    %cmpi/e 3, 0, 3;
    %jmp/0xz  T_2.118, 4;
    %pushi/vec4 11, 0, 5;
    %store/vec4 v0000022d15574210_0, 0, 5;
    %jmp T_2.119;
T_2.118 ;
    %pushi/vec4 12, 0, 5;
    %store/vec4 v0000022d15574210_0, 0, 5;
T_2.119 ;
T_2.117 ;
T_2.115 ;
T_2.113 ;
    %jmp T_2.23;
T_2.14 ;
    %load/vec4 v0000022d1559ff30_0;
    %cmpi/e 0, 0, 3;
    %jmp/0xz  T_2.120, 4;
    %pushi/vec4 4, 0, 5;
    %store/vec4 v0000022d15574210_0, 0, 5;
    %jmp T_2.121;
T_2.120 ;
    %load/vec4 v0000022d1559ff30_0;
    %cmpi/e 1, 0, 3;
    %jmp/0xz  T_2.122, 4;
    %pushi/vec4 4, 0, 5;
    %store/vec4 v0000022d15574210_0, 0, 5;
    %jmp T_2.123;
T_2.122 ;
    %load/vec4 v0000022d1559ff30_0;
    %cmpi/e 2, 0, 3;
    %jmp/0xz  T_2.124, 4;
    %pushi/vec4 14, 0, 5;
    %store/vec4 v0000022d15574210_0, 0, 5;
    %jmp T_2.125;
T_2.124 ;
    %load/vec4 v0000022d1559ff30_0;
    %cmpi/e 3, 0, 3;
    %jmp/0xz  T_2.126, 4;
    %pushi/vec4 17, 0, 5;
    %store/vec4 v0000022d15574210_0, 0, 5;
    %jmp T_2.127;
T_2.126 ;
    %pushi/vec4 13, 0, 5;
    %store/vec4 v0000022d15574210_0, 0, 5;
T_2.127 ;
T_2.125 ;
T_2.123 ;
T_2.121 ;
    %jmp T_2.23;
T_2.15 ;
    %load/vec4 v0000022d1559ff30_0;
    %cmpi/e 0, 0, 3;
    %jmp/0xz  T_2.128, 4;
    %pushi/vec4 4, 0, 5;
    %store/vec4 v0000022d15574210_0, 0, 5;
    %jmp T_2.129;
T_2.128 ;
    %load/vec4 v0000022d1559ff30_0;
    %cmpi/e 1, 0, 3;
    %jmp/0xz  T_2.130, 4;
    %pushi/vec4 4, 0, 5;
    %store/vec4 v0000022d15574210_0, 0, 5;
    %jmp T_2.131;
T_2.130 ;
    %load/vec4 v0000022d1559ff30_0;
    %cmpi/e 2, 0, 3;
    %jmp/0xz  T_2.132, 4;
    %pushi/vec4 15, 0, 5;
    %store/vec4 v0000022d15574210_0, 0, 5;
    %jmp T_2.133;
T_2.132 ;
    %load/vec4 v0000022d1559ff30_0;
    %cmpi/e 3, 0, 3;
    %jmp/0xz  T_2.134, 4;
    %pushi/vec4 13, 0, 5;
    %store/vec4 v0000022d15574210_0, 0, 5;
    %jmp T_2.135;
T_2.134 ;
    %pushi/vec4 14, 0, 5;
    %store/vec4 v0000022d15574210_0, 0, 5;
T_2.135 ;
T_2.133 ;
T_2.131 ;
T_2.129 ;
    %jmp T_2.23;
T_2.16 ;
    %load/vec4 v0000022d1559ff30_0;
    %cmpi/e 0, 0, 3;
    %jmp/0xz  T_2.136, 4;
    %pushi/vec4 4, 0, 5;
    %store/vec4 v0000022d15574210_0, 0, 5;
    %jmp T_2.137;
T_2.136 ;
    %load/vec4 v0000022d1559ff30_0;
    %cmpi/e 1, 0, 3;
    %jmp/0xz  T_2.138, 4;
    %pushi/vec4 4, 0, 5;
    %store/vec4 v0000022d15574210_0, 0, 5;
    %jmp T_2.139;
T_2.138 ;
    %load/vec4 v0000022d1559ff30_0;
    %cmpi/e 2, 0, 3;
    %jmp/0xz  T_2.140, 4;
    %pushi/vec4 16, 0, 5;
    %store/vec4 v0000022d15574210_0, 0, 5;
    %jmp T_2.141;
T_2.140 ;
    %load/vec4 v0000022d1559ff30_0;
    %cmpi/e 3, 0, 3;
    %jmp/0xz  T_2.142, 4;
    %pushi/vec4 14, 0, 5;
    %store/vec4 v0000022d15574210_0, 0, 5;
    %jmp T_2.143;
T_2.142 ;
    %pushi/vec4 15, 0, 5;
    %store/vec4 v0000022d15574210_0, 0, 5;
T_2.143 ;
T_2.141 ;
T_2.139 ;
T_2.137 ;
    %jmp T_2.23;
T_2.17 ;
    %load/vec4 v0000022d1559ff30_0;
    %cmpi/e 0, 0, 3;
    %jmp/0xz  T_2.144, 4;
    %pushi/vec4 4, 0, 5;
    %store/vec4 v0000022d15574210_0, 0, 5;
    %jmp T_2.145;
T_2.144 ;
    %load/vec4 v0000022d1559ff30_0;
    %cmpi/e 1, 0, 3;
    %jmp/0xz  T_2.146, 4;
    %pushi/vec4 4, 0, 5;
    %store/vec4 v0000022d15574210_0, 0, 5;
    %jmp T_2.147;
T_2.146 ;
    %load/vec4 v0000022d1559ff30_0;
    %cmpi/e 2, 0, 3;
    %jmp/0xz  T_2.148, 4;
    %pushi/vec4 17, 0, 5;
    %store/vec4 v0000022d15574210_0, 0, 5;
    %jmp T_2.149;
T_2.148 ;
    %load/vec4 v0000022d1559ff30_0;
    %cmpi/e 3, 0, 3;
    %jmp/0xz  T_2.150, 4;
    %pushi/vec4 15, 0, 5;
    %store/vec4 v0000022d15574210_0, 0, 5;
    %jmp T_2.151;
T_2.150 ;
    %pushi/vec4 16, 0, 5;
    %store/vec4 v0000022d15574210_0, 0, 5;
T_2.151 ;
T_2.149 ;
T_2.147 ;
T_2.145 ;
    %jmp T_2.23;
T_2.18 ;
    %load/vec4 v0000022d1559ff30_0;
    %cmpi/e 0, 0, 3;
    %jmp/0xz  T_2.152, 4;
    %pushi/vec4 4, 0, 5;
    %store/vec4 v0000022d15574210_0, 0, 5;
    %jmp T_2.153;
T_2.152 ;
    %load/vec4 v0000022d1559ff30_0;
    %cmpi/e 1, 0, 3;
    %jmp/0xz  T_2.154, 4;
    %pushi/vec4 4, 0, 5;
    %store/vec4 v0000022d15574210_0, 0, 5;
    %jmp T_2.155;
T_2.154 ;
    %load/vec4 v0000022d1559ff30_0;
    %cmpi/e 2, 0, 3;
    %jmp/0xz  T_2.156, 4;
    %pushi/vec4 13, 0, 5;
    %store/vec4 v0000022d15574210_0, 0, 5;
    %jmp T_2.157;
T_2.156 ;
    %load/vec4 v0000022d1559ff30_0;
    %cmpi/e 3, 0, 3;
    %jmp/0xz  T_2.158, 4;
    %pushi/vec4 16, 0, 5;
    %store/vec4 v0000022d15574210_0, 0, 5;
    %jmp T_2.159;
T_2.158 ;
    %pushi/vec4 17, 0, 5;
    %store/vec4 v0000022d15574210_0, 0, 5;
T_2.159 ;
T_2.157 ;
T_2.155 ;
T_2.153 ;
    %jmp T_2.23;
T_2.19 ;
    %load/vec4 v0000022d1559ff30_0;
    %cmpi/e 0, 0, 3;
    %jmp/0xz  T_2.160, 4;
    %pushi/vec4 5, 0, 5;
    %store/vec4 v0000022d15574210_0, 0, 5;
    %jmp T_2.161;
T_2.160 ;
    %load/vec4 v0000022d1559ff30_0;
    %cmpi/e 1, 0, 3;
    %jmp/0xz  T_2.162, 4;
    %pushi/vec4 18, 0, 5;
    %store/vec4 v0000022d15574210_0, 0, 5;
    %jmp T_2.163;
T_2.162 ;
    %load/vec4 v0000022d1559ff30_0;
    %cmpi/e 2, 0, 3;
    %jmp/0xz  T_2.164, 4;
    %pushi/vec4 18, 0, 5;
    %store/vec4 v0000022d15574210_0, 0, 5;
    %jmp T_2.165;
T_2.164 ;
    %load/vec4 v0000022d1559ff30_0;
    %cmpi/e 3, 0, 3;
    %jmp/0xz  T_2.166, 4;
    %pushi/vec4 18, 0, 5;
    %store/vec4 v0000022d15574210_0, 0, 5;
    %jmp T_2.167;
T_2.166 ;
    %pushi/vec4 18, 0, 5;
    %store/vec4 v0000022d15574210_0, 0, 5;
T_2.167 ;
T_2.165 ;
T_2.163 ;
T_2.161 ;
    %jmp T_2.23;
T_2.20 ;
    %load/vec4 v0000022d1559ff30_0;
    %cmpi/e 0, 0, 3;
    %jmp/0xz  T_2.168, 4;
    %pushi/vec4 6, 0, 5;
    %store/vec4 v0000022d15574210_0, 0, 5;
    %jmp T_2.169;
T_2.168 ;
    %load/vec4 v0000022d1559ff30_0;
    %cmpi/e 1, 0, 3;
    %jmp/0xz  T_2.170, 4;
    %pushi/vec4 19, 0, 5;
    %store/vec4 v0000022d15574210_0, 0, 5;
    %jmp T_2.171;
T_2.170 ;
    %load/vec4 v0000022d1559ff30_0;
    %cmpi/e 2, 0, 3;
    %jmp/0xz  T_2.172, 4;
    %pushi/vec4 19, 0, 5;
    %store/vec4 v0000022d15574210_0, 0, 5;
    %jmp T_2.173;
T_2.172 ;
    %load/vec4 v0000022d1559ff30_0;
    %cmpi/e 3, 0, 3;
    %jmp/0xz  T_2.174, 4;
    %pushi/vec4 19, 0, 5;
    %store/vec4 v0000022d15574210_0, 0, 5;
    %jmp T_2.175;
T_2.174 ;
    %pushi/vec4 19, 0, 5;
    %store/vec4 v0000022d15574210_0, 0, 5;
T_2.175 ;
T_2.173 ;
T_2.171 ;
T_2.169 ;
    %jmp T_2.23;
T_2.21 ;
    %load/vec4 v0000022d1559ff30_0;
    %cmpi/e 0, 0, 3;
    %jmp/0xz  T_2.176, 4;
    %pushi/vec4 7, 0, 5;
    %store/vec4 v0000022d15574210_0, 0, 5;
    %jmp T_2.177;
T_2.176 ;
    %load/vec4 v0000022d1559ff30_0;
    %cmpi/e 1, 0, 3;
    %jmp/0xz  T_2.178, 4;
    %pushi/vec4 20, 0, 5;
    %store/vec4 v0000022d15574210_0, 0, 5;
    %jmp T_2.179;
T_2.178 ;
    %load/vec4 v0000022d1559ff30_0;
    %cmpi/e 2, 0, 3;
    %jmp/0xz  T_2.180, 4;
    %pushi/vec4 20, 0, 5;
    %store/vec4 v0000022d15574210_0, 0, 5;
    %jmp T_2.181;
T_2.180 ;
    %load/vec4 v0000022d1559ff30_0;
    %cmpi/e 3, 0, 3;
    %jmp/0xz  T_2.182, 4;
    %pushi/vec4 20, 0, 5;
    %store/vec4 v0000022d15574210_0, 0, 5;
    %jmp T_2.183;
T_2.182 ;
    %pushi/vec4 20, 0, 5;
    %store/vec4 v0000022d15574210_0, 0, 5;
T_2.183 ;
T_2.181 ;
T_2.179 ;
T_2.177 ;
    %jmp T_2.23;
T_2.23 ;
    %pop/vec4 1;
T_2.1 ;
    %jmp T_2;
    .thread T_2, $push;
    .scope S_0000022d155b28a0;
T_3 ;
    %wait E_0000022d15565b60;
    %load/vec4 v0000022d155742b0_0;
    %nor/r;
    %flag_set/vec4 8;
    %jmp/0xz  T_3.0, 8;
    %pushi/vec4 0, 0, 2;
    %assign/vec4 v0000022d15574170_0, 0;
    %jmp T_3.1;
T_3.0 ;
    %load/vec4 v0000022d15526ae0_0;
    %dup/vec4;
    %pushi/vec4 5, 0, 5;
    %cmp/u;
    %jmp/1 T_3.2, 6;
    %dup/vec4;
    %pushi/vec4 6, 0, 5;
    %cmp/u;
    %jmp/1 T_3.3, 6;
    %dup/vec4;
    %pushi/vec4 7, 0, 5;
    %cmp/u;
    %jmp/1 T_3.4, 6;
    %load/vec4 v0000022d15574170_0;
    %assign/vec4 v0000022d15574170_0, 0;
    %jmp T_3.6;
T_3.2 ;
    %load/vec4 v0000022d1559ff30_0;
    %cmpi/e 1, 0, 3;
    %jmp/0xz  T_3.7, 4;
    %pushi/vec4 0, 0, 2;
    %assign/vec4 v0000022d15574170_0, 0;
    %jmp T_3.8;
T_3.7 ;
    %load/vec4 v0000022d15574170_0;
    %assign/vec4 v0000022d15574170_0, 0;
T_3.8 ;
    %jmp T_3.6;
T_3.3 ;
    %load/vec4 v0000022d1559ff30_0;
    %cmpi/e 1, 0, 3;
    %jmp/0xz  T_3.9, 4;
    %pushi/vec4 1, 0, 2;
    %assign/vec4 v0000022d15574170_0, 0;
    %jmp T_3.10;
T_3.9 ;
    %load/vec4 v0000022d15574170_0;
    %assign/vec4 v0000022d15574170_0, 0;
T_3.10 ;
    %jmp T_3.6;
T_3.4 ;
    %load/vec4 v0000022d1559ff30_0;
    %cmpi/e 1, 0, 3;
    %jmp/0xz  T_3.11, 4;
    %pushi/vec4 2, 0, 2;
    %assign/vec4 v0000022d15574170_0, 0;
    %jmp T_3.12;
T_3.11 ;
    %load/vec4 v0000022d15574170_0;
    %assign/vec4 v0000022d15574170_0, 0;
T_3.12 ;
    %jmp T_3.6;
T_3.6 ;
    %pop/vec4 1;
T_3.1 ;
    %jmp T_3;
    .thread T_3;
    .scope S_0000022d155b28a0;
T_4 ;
    %wait E_0000022d15565b60;
    %load/vec4 v0000022d155742b0_0;
    %nor/r;
    %flag_set/vec4 8;
    %jmp/0xz  T_4.0, 8;
    %pushi/vec4 0, 0, 1;
    %store/vec4 v0000022d155740d0_0, 0, 1;
    %jmp T_4.1;
T_4.0 ;
    %load/vec4 v0000022d15526ae0_0;
    %dup/vec4;
    %pushi/vec4 8, 0, 5;
    %cmp/u;
    %jmp/1 T_4.2, 6;
    %dup/vec4;
    %pushi/vec4 9, 0, 5;
    %cmp/u;
    %jmp/1 T_4.3, 6;
    %load/vec4 v0000022d155740d0_0;
    %assign/vec4 v0000022d155740d0_0, 0;
    %jmp T_4.5;
T_4.2 ;
    %load/vec4 v0000022d1559ff30_0;
    %cmpi/e 1, 0, 3;
    %jmp/0xz  T_4.6, 4;
    %pushi/vec4 0, 0, 1;
    %assign/vec4 v0000022d155740d0_0, 0;
    %jmp T_4.7;
T_4.6 ;
    %load/vec4 v0000022d155740d0_0;
    %assign/vec4 v0000022d155740d0_0, 0;
T_4.7 ;
    %jmp T_4.5;
T_4.3 ;
    %load/vec4 v0000022d1559ff30_0;
    %cmpi/e 1, 0, 3;
    %jmp/0xz  T_4.8, 4;
    %pushi/vec4 1, 0, 1;
    %assign/vec4 v0000022d155740d0_0, 0;
    %jmp T_4.9;
T_4.8 ;
    %load/vec4 v0000022d155740d0_0;
    %assign/vec4 v0000022d155740d0_0, 0;
T_4.9 ;
    %jmp T_4.5;
T_4.5 ;
    %pop/vec4 1;
T_4.1 ;
    %jmp T_4;
    .thread T_4;
    .scope S_0000022d155b28a0;
T_5 ;
    %wait E_0000022d15565b60;
    %load/vec4 v0000022d155742b0_0;
    %nor/r;
    %flag_set/vec4 8;
    %jmp/0xz  T_5.0, 8;
    %pushi/vec4 0, 0, 2;
    %assign/vec4 v0000022d15574350_0, 0;
    %jmp T_5.1;
T_5.0 ;
    %load/vec4 v0000022d15526ae0_0;
    %dup/vec4;
    %pushi/vec4 10, 0, 5;
    %cmp/u;
    %jmp/1 T_5.2, 6;
    %dup/vec4;
    %pushi/vec4 11, 0, 5;
    %cmp/u;
    %jmp/1 T_5.3, 6;
    %dup/vec4;
    %pushi/vec4 12, 0, 5;
    %cmp/u;
    %jmp/1 T_5.4, 6;
    %load/vec4 v0000022d15574350_0;
    %assign/vec4 v0000022d15574350_0, 0;
    %jmp T_5.6;
T_5.2 ;
    %load/vec4 v0000022d1559ff30_0;
    %cmpi/e 1, 0, 3;
    %jmp/0xz  T_5.7, 4;
    %pushi/vec4 0, 0, 2;
    %assign/vec4 v0000022d15574350_0, 0;
    %jmp T_5.8;
T_5.7 ;
    %load/vec4 v0000022d15574350_0;
    %assign/vec4 v0000022d15574350_0, 0;
T_5.8 ;
    %jmp T_5.6;
T_5.3 ;
    %load/vec4 v0000022d1559ff30_0;
    %cmpi/e 1, 0, 3;
    %jmp/0xz  T_5.9, 4;
    %pushi/vec4 1, 0, 2;
    %store/vec4 v0000022d15574350_0, 0, 2;
    %jmp T_5.10;
T_5.9 ;
    %load/vec4 v0000022d15574350_0;
    %assign/vec4 v0000022d15574350_0, 0;
T_5.10 ;
    %jmp T_5.6;
T_5.4 ;
    %load/vec4 v0000022d1559ff30_0;
    %cmpi/e 1, 0, 3;
    %jmp/0xz  T_5.11, 4;
    %pushi/vec4 2, 0, 2;
    %store/vec4 v0000022d15574350_0, 0, 2;
    %jmp T_5.12;
T_5.11 ;
    %load/vec4 v0000022d15574350_0;
    %assign/vec4 v0000022d15574350_0, 0;
T_5.12 ;
    %jmp T_5.6;
T_5.6 ;
    %pop/vec4 1;
T_5.1 ;
    %jmp T_5;
    .thread T_5;
    .scope S_0000022d155b28a0;
T_6 ;
    %wait E_0000022d15565b60;
    %load/vec4 v0000022d155742b0_0;
    %nor/r;
    %flag_set/vec4 8;
    %jmp/0xz  T_6.0, 8;
    %pushi/vec4 0, 0, 3;
    %store/vec4 v0000022d155743f0_0, 0, 3;
    %jmp T_6.1;
T_6.0 ;
    %load/vec4 v0000022d15526ae0_0;
    %dup/vec4;
    %pushi/vec4 13, 0, 5;
    %cmp/u;
    %jmp/1 T_6.2, 6;
    %dup/vec4;
    %pushi/vec4 14, 0, 5;
    %cmp/u;
    %jmp/1 T_6.3, 6;
    %dup/vec4;
    %pushi/vec4 15, 0, 5;
    %cmp/u;
    %jmp/1 T_6.4, 6;
    %dup/vec4;
    %pushi/vec4 16, 0, 5;
    %cmp/u;
    %jmp/1 T_6.5, 6;
    %dup/vec4;
    %pushi/vec4 17, 0, 5;
    %cmp/u;
    %jmp/1 T_6.6, 6;
    %load/vec4 v0000022d155743f0_0;
    %store/vec4 v0000022d155743f0_0, 0, 3;
    %jmp T_6.8;
T_6.2 ;
    %load/vec4 v0000022d1559ff30_0;
    %cmpi/e 1, 0, 3;
    %jmp/0xz  T_6.9, 4;
    %pushi/vec4 0, 0, 3;
    %store/vec4 v0000022d155743f0_0, 0, 3;
    %jmp T_6.10;
T_6.9 ;
    %load/vec4 v0000022d155743f0_0;
    %store/vec4 v0000022d155743f0_0, 0, 3;
T_6.10 ;
    %jmp T_6.8;
T_6.3 ;
    %load/vec4 v0000022d1559ff30_0;
    %cmpi/e 1, 0, 3;
    %jmp/0xz  T_6.11, 4;
    %pushi/vec4 1, 0, 3;
    %store/vec4 v0000022d155743f0_0, 0, 3;
    %jmp T_6.12;
T_6.11 ;
    %load/vec4 v0000022d155743f0_0;
    %store/vec4 v0000022d155743f0_0, 0, 3;
T_6.12 ;
    %jmp T_6.8;
T_6.4 ;
    %load/vec4 v0000022d1559ff30_0;
    %cmpi/e 1, 0, 3;
    %jmp/0xz  T_6.13, 4;
    %pushi/vec4 2, 0, 3;
    %store/vec4 v0000022d155743f0_0, 0, 3;
    %jmp T_6.14;
T_6.13 ;
    %load/vec4 v0000022d155743f0_0;
    %store/vec4 v0000022d155743f0_0, 0, 3;
T_6.14 ;
    %jmp T_6.8;
T_6.5 ;
    %load/vec4 v0000022d1559ff30_0;
    %cmpi/e 1, 0, 3;
    %jmp/0xz  T_6.15, 4;
    %pushi/vec4 3, 0, 3;
    %store/vec4 v0000022d155743f0_0, 0, 3;
    %jmp T_6.16;
T_6.15 ;
    %load/vec4 v0000022d155743f0_0;
    %store/vec4 v0000022d155743f0_0, 0, 3;
T_6.16 ;
    %jmp T_6.8;
T_6.6 ;
    %load/vec4 v0000022d1559ff30_0;
    %cmpi/e 1, 0, 3;
    %jmp/0xz  T_6.17, 4;
    %pushi/vec4 4, 0, 3;
    %store/vec4 v0000022d155743f0_0, 0, 3;
    %jmp T_6.18;
T_6.17 ;
    %load/vec4 v0000022d155743f0_0;
    %store/vec4 v0000022d155743f0_0, 0, 3;
T_6.18 ;
    %jmp T_6.8;
T_6.8 ;
    %pop/vec4 1;
T_6.1 ;
    %jmp T_6;
    .thread T_6;
# The file index is used to find the file name in the following table.
:file_names 3;
    "N/A";
    "<interactive>";
    "lcd_fsm.v";
